2026-02-19 23:45:49.294 [Test worker] INFO  c.c.c.CatequeseapiApplicationTests - Starting CatequeseapiApplicationTests using Java 21.0.8 with PID 10335 (started by usuario in /home/usuario/workspace/catequeseapi)
2026-02-19 23:45:49.299 [Test worker] DEBUG c.c.c.CatequeseapiApplicationTests - Running with Spring Boot v3.5.5, Spring v6.2.10
2026-02-19 23:45:49.301 [Test worker] INFO  c.c.c.CatequeseapiApplicationTests - No active profile set, falling back to 1 default profile: "default"
2026-02-19 23:45:49.808 [Test worker] INFO  o.s.d.r.c.RepositoryConfigurationDelegate - Bootstrapping Spring Data JPA repositories in DEFAULT mode.
2026-02-19 23:45:49.874 [Test worker] INFO  o.s.d.r.c.RepositoryConfigurationDelegate - Finished Spring Data repository scanning in 57 ms. Found 12 JPA repository interfaces.
2026-02-19 23:45:50.263 [Test worker] INFO  o.h.jpa.internal.util.LogHelper - HHH000204: Processing PersistenceUnitInfo [name: default]
2026-02-19 23:45:50.293 [Test worker] INFO  org.hibernate.Version - HHH000412: Hibernate ORM core version 6.6.26.Final
2026-02-19 23:45:50.315 [Test worker] INFO  o.h.c.i.RegionFactoryInitiator - HHH000026: Second-level cache disabled
2026-02-19 23:45:50.500 [Test worker] INFO  o.s.o.j.p.SpringPersistenceUnitInfo - No LoadTimeWeaver setup: ignoring JPA class transformer
2026-02-19 23:45:50.528 [Test worker] INFO  com.zaxxer.hikari.HikariDataSource - HikariPool-1 - Starting...
2026-02-19 23:45:55.274 [Test worker] INFO  com.zaxxer.hikari.pool.HikariPool - HikariPool-1 - Added connection com.mysql.cj.jdbc.ConnectionImpl@4a47bc9c
2026-02-19 23:45:55.275 [Test worker] INFO  com.zaxxer.hikari.HikariDataSource - HikariPool-1 - Start completed.
2026-02-19 23:45:55.904 [Test worker] WARN  org.hibernate.orm.deprecation - HHH90000025: MySQL8Dialect does not need to be specified explicitly using 'hibernate.dialect' (remove the property setting and it will be selected by default)
2026-02-19 23:45:55.904 [Test worker] WARN  org.hibernate.orm.deprecation - HHH90000026: MySQL8Dialect has been deprecated; use org.hibernate.dialect.MySQLDialect instead
2026-02-19 23:45:55.915 [Test worker] INFO  o.hibernate.orm.connections.pooling - HHH10001005: Database info:
	Database JDBC URL [Connecting through datasource 'HikariDataSource (HikariPool-1)']
	Database driver: undefined/unknown
	Database version: 8.0
	Autocommit mode: undefined/unknown
	Isolation level: undefined/unknown
	Minimum pool size: undefined/unknown
	Maximum pool size: undefined/unknown
2026-02-19 23:45:56.546 [Test worker] INFO  o.h.e.t.j.p.i.JtaPlatformInitiator - HHH000489: No JTA platform available (set 'hibernate.transaction.jta.platform' to enable JTA platform integration)
2026-02-19 23:45:57.732 [Test worker] ERROR o.s.o.j.LocalContainerEntityManagerFactoryBean - Failed to initialize JPA EntityManagerFactory: [PersistenceUnit: default] Unable to build Hibernate SessionFactory; nested exception is org.hibernate.tool.schema.spi.SchemaManagementException: Schema-validation: missing table [tb_catequisando]
2026-02-19 23:45:57.733 [Test worker] WARN  o.s.w.c.s.GenericWebApplicationContext - Exception encountered during context initialization - cancelling refresh attempt: org.springframework.beans.factory.BeanCreationException: Error creating bean with name 'entityManagerFactory' defined in class path resource [org/springframework/boot/autoconfigure/orm/jpa/HibernateJpaConfiguration.class]: [PersistenceUnit: default] Unable to build Hibernate SessionFactory; nested exception is org.hibernate.tool.schema.spi.SchemaManagementException: Schema-validation: missing table [tb_catequisando]
2026-02-19 23:45:57.733 [Test worker] INFO  com.zaxxer.hikari.HikariDataSource - HikariPool-1 - Shutdown initiated...
2026-02-19 23:45:58.273 [Test worker] INFO  com.zaxxer.hikari.HikariDataSource - HikariPool-1 - Shutdown completed.
2026-02-19 23:45:58.300 [Test worker] INFO  o.s.b.a.l.ConditionEvaluationReportLogger - 

Error starting ApplicationContext. To display the condition evaluation report re-run your application with 'debug' enabled.
2026-02-19 23:45:58.312 [Test worker] ERROR o.s.boot.SpringApplication - Application run failed
org.springframework.beans.factory.BeanCreationException: Error creating bean with name 'entityManagerFactory' defined in class path resource [org/springframework/boot/autoconfigure/orm/jpa/HibernateJpaConfiguration.class]: [PersistenceUnit: default] Unable to build Hibernate SessionFactory; nested exception is org.hibernate.tool.schema.spi.SchemaManagementException: Schema-validation: missing table [tb_catequisando]
	at org.springframework.beans.factory.support.AbstractAutowireCapableBeanFactory.initializeBean(AbstractAutowireCapableBeanFactory.java:1826)
	at org.springframework.beans.factory.support.AbstractAutowireCapableBeanFactory.doCreateBean(AbstractAutowireCapableBeanFactory.java:607)
	at org.springframework.beans.factory.support.AbstractAutowireCapableBeanFactory.createBean(AbstractAutowireCapableBeanFactory.java:529)
	at org.springframework.beans.factory.support.AbstractBeanFactory.lambda$doGetBean$0(AbstractBeanFactory.java:339)
	at org.springframework.beans.factory.support.DefaultSingletonBeanRegistry.getSingleton(DefaultSingletonBeanRegistry.java:373)
	at org.springframework.beans.factory.support.AbstractBeanFactory.doGetBean(AbstractBeanFactory.java:337)
	at org.springframework.beans.factory.support.AbstractBeanFactory.getBean(AbstractBeanFactory.java:207)
	at org.springframework.context.support.AbstractApplicationContext.finishBeanFactoryInitialization(AbstractApplicationContext.java:970)
	at org.springframework.context.support.AbstractApplicationContext.refresh(AbstractApplicationContext.java:627)
	at org.springframework.boot.SpringApplication.refresh(SpringApplication.java:752)
	at org.springframework.boot.SpringApplication.refreshContext(SpringApplication.java:439)
	at org.springframework.boot.SpringApplication.run(SpringApplication.java:318)
	at org.springframework.boot.test.context.SpringBootContextLoader.lambda$loadContext$3(SpringBootContextLoader.java:144)
	at org.springframework.util.function.ThrowingSupplier.get(ThrowingSupplier.java:58)
	at org.springframework.util.function.ThrowingSupplier.get(ThrowingSupplier.java:46)
	at org.springframework.boot.SpringApplication.withHook(SpringApplication.java:1461)
	at org.springframework.boot.test.context.SpringBootContextLoader$ContextLoaderHook.run(SpringBootContextLoader.java:563)
	at org.springframework.boot.test.context.SpringBootContextLoader.loadContext(SpringBootContextLoader.java:144)
	at org.springframework.boot.test.context.SpringBootContextLoader.loadContext(SpringBootContextLoader.java:110)
	at org.springframework.test.context.cache.DefaultCacheAwareContextLoaderDelegate.loadContextInternal(DefaultCacheAwareContextLoaderDelegate.java:225)
	at org.springframework.test.context.cache.DefaultCacheAwareContextLoaderDelegate.loadContext(DefaultCacheAwareContextLoaderDelegate.java:152)
	at org.springframework.test.context.support.DefaultTestContext.getApplicationContext(DefaultTestContext.java:130)
	at org.springframework.test.context.web.ServletTestExecutionListener.setUpRequestContextIfNecessary(ServletTestExecutionListener.java:200)
	at org.springframework.test.context.web.ServletTestExecutionListener.prepareTestInstance(ServletTestExecutionListener.java:139)
	at org.springframework.test.context.TestContextManager.prepareTestInstance(TestContextManager.java:260)
	at org.springframework.test.context.junit.jupiter.SpringExtension.postProcessTestInstance(SpringExtension.java:159)
	at org.junit.jupiter.engine.descriptor.ClassBasedTestDescriptor.lambda$invokeTestInstancePostProcessors$10(ClassBasedTestDescriptor.java:383)
	at org.junit.jupiter.engine.descriptor.ClassBasedTestDescriptor.executeAndMaskThrowable(ClassBasedTestDescriptor.java:388)
	at org.junit.jupiter.engine.descriptor.ClassBasedTestDescriptor.lambda$invokeTestInstancePostProcessors$11(ClassBasedTestDescriptor.java:382)
	at java.base/java.util.stream.ForEachOps$ForEachOp$OfRef.accept(ForEachOps.java:184)
	at java.base/java.util.stream.ReferencePipeline$3$1.accept(ReferencePipeline.java:197)
	at java.base/java.util.stream.ReferencePipeline$2$1.accept(ReferencePipeline.java:179)
	at java.base/java.util.stream.ReferencePipeline$3$1.accept(ReferencePipeline.java:197)
	at java.base/java.util.ArrayList$ArrayListSpliterator.forEachRemaining(ArrayList.java:1708)
	at java.base/java.util.stream.AbstractPipeline.copyInto(AbstractPipeline.java:509)
	at java.base/java.util.stream.AbstractPipeline.wrapAndCopyInto(AbstractPipeline.java:499)
	at java.base/java.util.stream.ForEachOps$ForEachOp.evaluateSequential(ForEachOps.java:151)
	at java.base/java.util.stream.ForEachOps$ForEachOp$OfRef.evaluateSequential(ForEachOps.java:174)
	at java.base/java.util.stream.AbstractPipeline.evaluate(AbstractPipeline.java:234)
	at java.base/java.util.stream.ReferencePipeline.forEach(ReferencePipeline.java:596)
	at org.junit.jupiter.engine.descriptor.ClassBasedTestDescriptor.invokeTestInstancePostProcessors(ClassBasedTestDescriptor.java:382)
	at org.junit.jupiter.engine.descriptor.ClassBasedTestDescriptor.lambda$instantiateAndPostProcessTestInstance$6(ClassBasedTestDescriptor.java:293)
	at org.junit.platform.engine.support.hierarchical.ThrowableCollector.execute(ThrowableCollector.java:73)
	at org.junit.jupiter.engine.descriptor.ClassBasedTestDescriptor.instantiateAndPostProcessTestInstance(ClassBasedTestDescriptor.java:292)
	at org.junit.jupiter.engine.descriptor.ClassBasedTestDescriptor.lambda$testInstancesProvider$4(ClassBasedTestDescriptor.java:281)
	at java.base/java.util.Optional.orElseGet(Optional.java:364)
	at org.junit.jupiter.engine.descriptor.ClassBasedTestDescriptor.lambda$testInstancesProvider$5(ClassBasedTestDescriptor.java:280)
	at org.junit.jupiter.engine.execution.TestInstancesProvider.getTestInstances(TestInstancesProvider.java:27)
	at org.junit.jupiter.engine.descriptor.TestMethodTestDescriptor.lambda$prepare$0(TestMethodTestDescriptor.java:112)
	at org.junit.platform.engine.support.hierarchical.ThrowableCollector.execute(ThrowableCollector.java:73)
	at org.junit.jupiter.engine.descriptor.TestMethodTestDescriptor.prepare(TestMethodTestDescriptor.java:111)
	at org.junit.jupiter.engine.descriptor.TestMethodTestDescriptor.prepare(TestMethodTestDescriptor.java:69)
	at org.junit.platform.engine.support.hierarchical.NodeTestTask.lambda$prepare$2(NodeTestTask.java:128)
	at org.junit.platform.engine.support.hierarchical.ThrowableCollector.execute(ThrowableCollector.java:73)
	at org.junit.platform.engine.support.hierarchical.NodeTestTask.prepare(NodeTestTask.java:128)
	at org.junit.platform.engine.support.hierarchical.NodeTestTask.execute(NodeTestTask.java:95)
	at java.base/java.util.ArrayList.forEach(ArrayList.java:1596)
	at org.junit.platform.engine.support.hierarchical.SameThreadHierarchicalTestExecutorService.invokeAll(SameThreadHierarchicalTestExecutorService.java:41)
	at org.junit.platform.engine.support.hierarchical.NodeTestTask.lambda$executeRecursively$6(NodeTestTask.java:160)
	at org.junit.platform.engine.support.hierarchical.ThrowableCollector.execute(ThrowableCollector.java:73)
	at org.junit.platform.engine.support.hierarchical.NodeTestTask.lambda$executeRecursively$8(NodeTestTask.java:146)
	at org.junit.platform.engine.support.hierarchical.Node.around(Node.java:137)
	at org.junit.platform.engine.support.hierarchical.NodeTestTask.lambda$executeRecursively$9(NodeTestTask.java:144)
	at org.junit.platform.engine.support.hierarchical.ThrowableCollector.execute(ThrowableCollector.java:73)
	at org.junit.platform.engine.support.hierarchical.NodeTestTask.executeRecursively(NodeTestTask.java:143)
	at org.junit.platform.engine.support.hierarchical.NodeTestTask.execute(NodeTestTask.java:100)
	at java.base/java.util.ArrayList.forEach(ArrayList.java:1596)
	at org.junit.platform.engine.support.hierarchical.SameThreadHierarchicalTestExecutorService.invokeAll(SameThreadHierarchicalTestExecutorService.java:41)
	at org.junit.platform.engine.support.hierarchical.NodeTestTask.lambda$executeRecursively$6(NodeTestTask.java:160)
	at org.junit.platform.engine.support.hierarchical.ThrowableCollector.execute(ThrowableCollector.java:73)
	at org.junit.platform.engine.support.hierarchical.NodeTestTask.lambda$executeRecursively$8(NodeTestTask.java:146)
	at org.junit.platform.engine.support.hierarchical.Node.around(Node.java:137)
	at org.junit.platform.engine.support.hierarchical.NodeTestTask.lambda$executeRecursively$9(NodeTestTask.java:144)
	at org.junit.platform.engine.support.hierarchical.ThrowableCollector.execute(ThrowableCollector.java:73)
	at org.junit.platform.engine.support.hierarchical.NodeTestTask.executeRecursively(NodeTestTask.java:143)
	at org.junit.platform.engine.support.hierarchical.NodeTestTask.execute(NodeTestTask.java:100)
	at org.junit.platform.engine.support.hierarchical.SameThreadHierarchicalTestExecutorService.submit(SameThreadHierarchicalTestExecutorService.java:35)
	at org.junit.platform.engine.support.hierarchical.HierarchicalTestExecutor.execute(HierarchicalTestExecutor.java:57)
	at org.junit.platform.engine.support.hierarchical.HierarchicalTestEngine.execute(HierarchicalTestEngine.java:54)
	at org.junit.platform.launcher.core.EngineExecutionOrchestrator.execute(EngineExecutionOrchestrator.java:201)
	at org.junit.platform.launcher.core.EngineExecutionOrchestrator.execute(EngineExecutionOrchestrator.java:170)
	at org.junit.platform.launcher.core.EngineExecutionOrchestrator.execute(EngineExecutionOrchestrator.java:94)
	at org.junit.platform.launcher.core.EngineExecutionOrchestrator.lambda$execute$0(EngineExecutionOrchestrator.java:59)
	at org.junit.platform.launcher.core.EngineExecutionOrchestrator.withInterceptedStreams(EngineExecutionOrchestrator.java:142)
	at org.junit.platform.launcher.core.EngineExecutionOrchestrator.execute(EngineExecutionOrchestrator.java:58)
	at org.junit.platform.launcher.core.DefaultLauncher.execute(DefaultLauncher.java:103)
	at org.junit.platform.launcher.core.DefaultLauncher.execute(DefaultLauncher.java:85)
	at org.junit.platform.launcher.core.DelegatingLauncher.execute(DelegatingLauncher.java:47)
	at org.junit.platform.launcher.core.InterceptingLauncher.lambda$execute$1(InterceptingLauncher.java:39)
	at org.junit.platform.launcher.core.ClasspathAlignmentCheckingLauncherInterceptor.intercept(ClasspathAlignmentCheckingLauncherInterceptor.java:25)
	at org.junit.platform.launcher.core.InterceptingLauncher.execute(InterceptingLauncher.java:38)
	at org.junit.platform.launcher.core.DelegatingLauncher.execute(DelegatingLauncher.java:47)
	at org.gradle.api.internal.tasks.testing.junitplatform.JUnitPlatformTestClassProcessor$CollectAllTestClassesExecutor.processAllTestClasses(JUnitPlatformTestClassProcessor.java:124)
	at org.gradle.api.internal.tasks.testing.junitplatform.JUnitPlatformTestClassProcessor$CollectAllTestClassesExecutor.access$000(JUnitPlatformTestClassProcessor.java:99)
	at org.gradle.api.internal.tasks.testing.junitplatform.JUnitPlatformTestClassProcessor.stop(JUnitPlatformTestClassProcessor.java:94)
	at org.gradle.api.internal.tasks.testing.SuiteTestClassProcessor.stop(SuiteTestClassProcessor.java:63)
	at java.base/jdk.internal.reflect.DirectMethodHandleAccessor.invoke(DirectMethodHandleAccessor.java:103)
	at java.base/java.lang.reflect.Method.invoke(Method.java:580)
	at org.gradle.internal.dispatch.ReflectionDispatch.dispatch(ReflectionDispatch.java:36)
	at org.gradle.internal.dispatch.ReflectionDispatch.dispatch(ReflectionDispatch.java:24)
	at org.gradle.internal.dispatch.ContextClassLoaderDispatch.dispatch(ContextClassLoaderDispatch.java:33)
	at org.gradle.internal.dispatch.ProxyDispatchAdapter$DispatchingInvocationHandler.invoke(ProxyDispatchAdapter.java:92)
	at jdk.proxy1/jdk.proxy1.$Proxy4.stop(Unknown Source)
	at org.gradle.api.internal.tasks.testing.worker.TestWorker$3.run(TestWorker.java:200)
	at org.gradle.api.internal.tasks.testing.worker.TestWorker.executeAndMaintainThreadName(TestWorker.java:132)
	at org.gradle.api.internal.tasks.testing.worker.TestWorker.execute(TestWorker.java:103)
	at org.gradle.api.internal.tasks.testing.worker.TestWorker.execute(TestWorker.java:63)
	at org.gradle.process.internal.worker.child.ActionExecutionWorker.execute(ActionExecutionWorker.java:56)
	at org.gradle.process.internal.worker.child.SystemApplicationClassLoaderWorker.call(SystemApplicationClassLoaderWorker.java:122)
	at org.gradle.process.internal.worker.child.SystemApplicationClassLoaderWorker.call(SystemApplicationClassLoaderWorker.java:72)
	at worker.org.gradle.process.internal.worker.GradleWorkerMain.run(GradleWorkerMain.java:69)
	at worker.org.gradle.process.internal.worker.GradleWorkerMain.main(GradleWorkerMain.java:74)
Caused by: jakarta.persistence.PersistenceException: [PersistenceUnit: default] Unable to build Hibernate SessionFactory; nested exception is org.hibernate.tool.schema.spi.SchemaManagementException: Schema-validation: missing table [tb_catequisando]
	at org.springframework.orm.jpa.AbstractEntityManagerFactoryBean.buildNativeEntityManagerFactory(AbstractEntityManagerFactoryBean.java:431)
	at org.springframework.orm.jpa.AbstractEntityManagerFactoryBean.afterPropertiesSet(AbstractEntityManagerFactoryBean.java:400)
	at org.springframework.orm.jpa.LocalContainerEntityManagerFactoryBean.afterPropertiesSet(LocalContainerEntityManagerFactoryBean.java:366)
	at org.springframework.beans.factory.support.AbstractAutowireCapableBeanFactory.invokeInitMethods(AbstractAutowireCapableBeanFactory.java:1873)
	at org.springframework.beans.factory.support.AbstractAutowireCapableBeanFactory.initializeBean(AbstractAutowireCapableBeanFactory.java:1822)
	... 111 common frames omitted
Caused by: org.hibernate.tool.schema.spi.SchemaManagementException: Schema-validation: missing table [tb_catequisando]
	at org.hibernate.tool.schema.internal.AbstractSchemaValidator.validateTable(AbstractSchemaValidator.java:136)
	at org.hibernate.tool.schema.internal.GroupedSchemaValidatorImpl.validateTables(GroupedSchemaValidatorImpl.java:46)
	at org.hibernate.tool.schema.internal.AbstractSchemaValidator.performValidation(AbstractSchemaValidator.java:99)
	at org.hibernate.tool.schema.internal.AbstractSchemaValidator.doValidation(AbstractSchemaValidator.java:77)
	at org.hibernate.tool.schema.spi.SchemaManagementToolCoordinator.performDatabaseAction(SchemaManagementToolCoordinator.java:289)
	at org.hibernate.tool.schema.spi.SchemaManagementToolCoordinator.lambda$process$5(SchemaManagementToolCoordinator.java:144)
	at java.base/java.util.HashMap.forEach(HashMap.java:1429)
	at org.hibernate.tool.schema.spi.SchemaManagementToolCoordinator.process(SchemaManagementToolCoordinator.java:141)
	at org.hibernate.boot.internal.SessionFactoryObserverForSchemaExport.sessionFactoryCreated(SessionFactoryObserverForSchemaExport.java:37)
	at org.hibernate.internal.SessionFactoryObserverChain.sessionFactoryCreated(SessionFactoryObserverChain.java:35)
	at org.hibernate.internal.SessionFactoryImpl.<init>(SessionFactoryImpl.java:324)
	at org.hibernate.boot.internal.SessionFactoryBuilderImpl.build(SessionFactoryBuilderImpl.java:463)
	at org.hibernate.jpa.boot.internal.EntityManagerFactoryBuilderImpl.build(EntityManagerFactoryBuilderImpl.java:1517)
	at org.springframework.orm.jpa.vendor.SpringHibernateJpaPersistenceProvider.createContainerEntityManagerFactory(SpringHibernateJpaPersistenceProvider.java:66)
	at org.springframework.orm.jpa.LocalContainerEntityManagerFactoryBean.createNativeEntityManagerFactory(LocalContainerEntityManagerFactoryBean.java:390)
	at org.springframework.orm.jpa.AbstractEntityManagerFactoryBean.buildNativeEntityManagerFactory(AbstractEntityManagerFactoryBean.java:419)
	... 115 common frames omitted
2026-02-19 23:45:58.317 [Test worker] WARN  o.s.test.context.TestContextManager - Caught exception while allowing TestExecutionListener [org.springframework.test.context.web.ServletTestExecutionListener] to prepare test instance [com.catequese.catequeseapi.CatequeseapiApplicationTests@f69e35a]
java.lang.IllegalStateException: Failed to load ApplicationContext for [WebMergedContextConfiguration@5edce7da testClass = com.catequese.catequeseapi.CatequeseapiApplicationTests, locations = [], classes = [com.catequese.catequeseapi.CatequeseapiApplication], contextInitializerClasses = [], activeProfiles = [], propertySourceDescriptors = [], propertySourceProperties = ["org.springframework.boot.test.context.SpringBootTestContextBootstrapper=true"], contextCustomizers = [org.springframework.boot.test.autoconfigure.OnFailureConditionReportContextCustomizerFactory$OnFailureConditionReportContextCustomizer@53142455, org.springframework.boot.test.autoconfigure.actuate.observability.ObservabilityContextCustomizerFactory$DisableObservabilityContextCustomizer@1f, org.springframework.boot.test.autoconfigure.properties.PropertyMappingContextCustomizer@0, org.springframework.boot.test.autoconfigure.web.servlet.WebDriverContextCustomizer@655ef322, org.springframework.boot.test.context.filter.ExcludeFilterContextCustomizer@77d2e85, org.springframework.boot.test.json.DuplicateJsonObjectContextCustomizerFactory$DuplicateJsonObjectContextCustomizer@3c9bfddc, org.springframework.boot.test.mock.mockito.MockitoContextCustomizer@0, org.springframework.boot.test.web.client.TestRestTemplateContextCustomizer@dfddc9a, org.springframework.boot.test.web.reactor.netty.DisableReactorResourceFactoryGlobalResourcesContextCustomizerFactory$DisableReactorResourceFactoryGlobalResourcesContextCustomizerCustomizer@64a8c844, org.springframework.test.context.support.DynamicPropertiesContextCustomizer@0, org.springframework.boot.test.context.SpringBootTestAnnotation@bcc49dc9], resourceBasePath = "src/main/webapp", contextLoader = org.springframework.boot.test.context.SpringBootContextLoader, parent = null]
	at org.springframework.test.context.cache.DefaultCacheAwareContextLoaderDelegate.loadContext(DefaultCacheAwareContextLoaderDelegate.java:180)
	at org.springframework.test.context.support.DefaultTestContext.getApplicationContext(DefaultTestContext.java:130)
	at org.springframework.test.context.web.ServletTestExecutionListener.setUpRequestContextIfNecessary(ServletTestExecutionListener.java:200)
	at org.springframework.test.context.web.ServletTestExecutionListener.prepareTestInstance(ServletTestExecutionListener.java:139)
	at org.springframework.test.context.TestContextManager.prepareTestInstance(TestContextManager.java:260)
	at org.springframework.test.context.junit.jupiter.SpringExtension.postProcessTestInstance(SpringExtension.java:159)
	at org.junit.jupiter.engine.descriptor.ClassBasedTestDescriptor.lambda$invokeTestInstancePostProcessors$10(ClassBasedTestDescriptor.java:383)
	at org.junit.jupiter.engine.descriptor.ClassBasedTestDescriptor.executeAndMaskThrowable(ClassBasedTestDescriptor.java:388)
	at org.junit.jupiter.engine.descriptor.ClassBasedTestDescriptor.lambda$invokeTestInstancePostProcessors$11(ClassBasedTestDescriptor.java:382)
	at java.base/java.util.stream.ForEachOps$ForEachOp$OfRef.accept(ForEachOps.java:184)
	at java.base/java.util.stream.ReferencePipeline$3$1.accept(ReferencePipeline.java:197)
	at java.base/java.util.stream.ReferencePipeline$2$1.accept(ReferencePipeline.java:179)
	at java.base/java.util.stream.ReferencePipeline$3$1.accept(ReferencePipeline.java:197)
	at java.base/java.util.ArrayList$ArrayListSpliterator.forEachRemaining(ArrayList.java:1708)
	at java.base/java.util.stream.AbstractPipeline.copyInto(AbstractPipeline.java:509)
	at java.base/java.util.stream.AbstractPipeline.wrapAndCopyInto(AbstractPipeline.java:499)
	at java.base/java.util.stream.ForEachOps$ForEachOp.evaluateSequential(ForEachOps.java:151)
	at java.base/java.util.stream.ForEachOps$ForEachOp$OfRef.evaluateSequential(ForEachOps.java:174)
	at java.base/java.util.stream.AbstractPipeline.evaluate(AbstractPipeline.java:234)
	at java.base/java.util.stream.ReferencePipeline.forEach(ReferencePipeline.java:596)
	at org.junit.jupiter.engine.descriptor.ClassBasedTestDescriptor.invokeTestInstancePostProcessors(ClassBasedTestDescriptor.java:382)
	at org.junit.jupiter.engine.descriptor.ClassBasedTestDescriptor.lambda$instantiateAndPostProcessTestInstance$6(ClassBasedTestDescriptor.java:293)
	at org.junit.platform.engine.support.hierarchical.ThrowableCollector.execute(ThrowableCollector.java:73)
	at org.junit.jupiter.engine.descriptor.ClassBasedTestDescriptor.instantiateAndPostProcessTestInstance(ClassBasedTestDescriptor.java:292)
	at org.junit.jupiter.engine.descriptor.ClassBasedTestDescriptor.lambda$testInstancesProvider$4(ClassBasedTestDescriptor.java:281)
	at java.base/java.util.Optional.orElseGet(Optional.java:364)
	at org.junit.jupiter.engine.descriptor.ClassBasedTestDescriptor.lambda$testInstancesProvider$5(ClassBasedTestDescriptor.java:280)
	at org.junit.jupiter.engine.execution.TestInstancesProvider.getTestInstances(TestInstancesProvider.java:27)
	at org.junit.jupiter.engine.descriptor.TestMethodTestDescriptor.lambda$prepare$0(TestMethodTestDescriptor.java:112)
	at org.junit.platform.engine.support.hierarchical.ThrowableCollector.execute(ThrowableCollector.java:73)
	at org.junit.jupiter.engine.descriptor.TestMethodTestDescriptor.prepare(TestMethodTestDescriptor.java:111)
	at org.junit.jupiter.engine.descriptor.TestMethodTestDescriptor.prepare(TestMethodTestDescriptor.java:69)
	at org.junit.platform.engine.support.hierarchical.NodeTestTask.lambda$prepare$2(NodeTestTask.java:128)
	at org.junit.platform.engine.support.hierarchical.ThrowableCollector.execute(ThrowableCollector.java:73)
	at org.junit.platform.engine.support.hierarchical.NodeTestTask.prepare(NodeTestTask.java:128)
	at org.junit.platform.engine.support.hierarchical.NodeTestTask.execute(NodeTestTask.java:95)
	at java.base/java.util.ArrayList.forEach(ArrayList.java:1596)
	at org.junit.platform.engine.support.hierarchical.SameThreadHierarchicalTestExecutorService.invokeAll(SameThreadHierarchicalTestExecutorService.java:41)
	at org.junit.platform.engine.support.hierarchical.NodeTestTask.lambda$executeRecursively$6(NodeTestTask.java:160)
	at org.junit.platform.engine.support.hierarchical.ThrowableCollector.execute(ThrowableCollector.java:73)
	at org.junit.platform.engine.support.hierarchical.NodeTestTask.lambda$executeRecursively$8(NodeTestTask.java:146)
	at org.junit.platform.engine.support.hierarchical.Node.around(Node.java:137)
	at org.junit.platform.engine.support.hierarchical.NodeTestTask.lambda$executeRecursively$9(NodeTestTask.java:144)
	at org.junit.platform.engine.support.hierarchical.ThrowableCollector.execute(ThrowableCollector.java:73)
	at org.junit.platform.engine.support.hierarchical.NodeTestTask.executeRecursively(NodeTestTask.java:143)
	at org.junit.platform.engine.support.hierarchical.NodeTestTask.execute(NodeTestTask.java:100)
	at java.base/java.util.ArrayList.forEach(ArrayList.java:1596)
	at org.junit.platform.engine.support.hierarchical.SameThreadHierarchicalTestExecutorService.invokeAll(SameThreadHierarchicalTestExecutorService.java:41)
	at org.junit.platform.engine.support.hierarchical.NodeTestTask.lambda$executeRecursively$6(NodeTestTask.java:160)
	at org.junit.platform.engine.support.hierarchical.ThrowableCollector.execute(ThrowableCollector.java:73)
	at org.junit.platform.engine.support.hierarchical.NodeTestTask.lambda$executeRecursively$8(NodeTestTask.java:146)
	at org.junit.platform.engine.support.hierarchical.Node.around(Node.java:137)
	at org.junit.platform.engine.support.hierarchical.NodeTestTask.lambda$executeRecursively$9(NodeTestTask.java:144)
	at org.junit.platform.engine.support.hierarchical.ThrowableCollector.execute(ThrowableCollector.java:73)
	at org.junit.platform.engine.support.hierarchical.NodeTestTask.executeRecursively(NodeTestTask.java:143)
	at org.junit.platform.engine.support.hierarchical.NodeTestTask.execute(NodeTestTask.java:100)
	at org.junit.platform.engine.support.hierarchical.SameThreadHierarchicalTestExecutorService.submit(SameThreadHierarchicalTestExecutorService.java:35)
	at org.junit.platform.engine.support.hierarchical.HierarchicalTestExecutor.execute(HierarchicalTestExecutor.java:57)
	at org.junit.platform.engine.support.hierarchical.HierarchicalTestEngine.execute(HierarchicalTestEngine.java:54)
	at org.junit.platform.launcher.core.EngineExecutionOrchestrator.execute(EngineExecutionOrchestrator.java:201)
	at org.junit.platform.launcher.core.EngineExecutionOrchestrator.execute(EngineExecutionOrchestrator.java:170)
	at org.junit.platform.launcher.core.EngineExecutionOrchestrator.execute(EngineExecutionOrchestrator.java:94)
	at org.junit.platform.launcher.core.EngineExecutionOrchestrator.lambda$execute$0(EngineExecutionOrchestrator.java:59)
	at org.junit.platform.launcher.core.EngineExecutionOrchestrator.withInterceptedStreams(EngineExecutionOrchestrator.java:142)
	at org.junit.platform.launcher.core.EngineExecutionOrchestrator.execute(EngineExecutionOrchestrator.java:58)
	at org.junit.platform.launcher.core.DefaultLauncher.execute(DefaultLauncher.java:103)
	at org.junit.platform.launcher.core.DefaultLauncher.execute(DefaultLauncher.java:85)
	at org.junit.platform.launcher.core.DelegatingLauncher.execute(DelegatingLauncher.java:47)
	at org.junit.platform.launcher.core.InterceptingLauncher.lambda$execute$1(InterceptingLauncher.java:39)
	at org.junit.platform.launcher.core.ClasspathAlignmentCheckingLauncherInterceptor.intercept(ClasspathAlignmentCheckingLauncherInterceptor.java:25)
	at org.junit.platform.launcher.core.InterceptingLauncher.execute(InterceptingLauncher.java:38)
	at org.junit.platform.launcher.core.DelegatingLauncher.execute(DelegatingLauncher.java:47)
	at org.gradle.api.internal.tasks.testing.junitplatform.JUnitPlatformTestClassProcessor$CollectAllTestClassesExecutor.processAllTestClasses(JUnitPlatformTestClassProcessor.java:124)
	at org.gradle.api.internal.tasks.testing.junitplatform.JUnitPlatformTestClassProcessor$CollectAllTestClassesExecutor.access$000(JUnitPlatformTestClassProcessor.java:99)
	at org.gradle.api.internal.tasks.testing.junitplatform.JUnitPlatformTestClassProcessor.stop(JUnitPlatformTestClassProcessor.java:94)
	at org.gradle.api.internal.tasks.testing.SuiteTestClassProcessor.stop(SuiteTestClassProcessor.java:63)
	at java.base/jdk.internal.reflect.DirectMethodHandleAccessor.invoke(DirectMethodHandleAccessor.java:103)
	at java.base/java.lang.reflect.Method.invoke(Method.java:580)
	at org.gradle.internal.dispatch.ReflectionDispatch.dispatch(ReflectionDispatch.java:36)
	at org.gradle.internal.dispatch.ReflectionDispatch.dispatch(ReflectionDispatch.java:24)
	at org.gradle.internal.dispatch.ContextClassLoaderDispatch.dispatch(ContextClassLoaderDispatch.java:33)
	at org.gradle.internal.dispatch.ProxyDispatchAdapter$DispatchingInvocationHandler.invoke(ProxyDispatchAdapter.java:92)
	at jdk.proxy1/jdk.proxy1.$Proxy4.stop(Unknown Source)
	at org.gradle.api.internal.tasks.testing.worker.TestWorker$3.run(TestWorker.java:200)
	at org.gradle.api.internal.tasks.testing.worker.TestWorker.executeAndMaintainThreadName(TestWorker.java:132)
	at org.gradle.api.internal.tasks.testing.worker.TestWorker.execute(TestWorker.java:103)
	at org.gradle.api.internal.tasks.testing.worker.TestWorker.execute(TestWorker.java:63)
	at org.gradle.process.internal.worker.child.ActionExecutionWorker.execute(ActionExecutionWorker.java:56)
	at org.gradle.process.internal.worker.child.SystemApplicationClassLoaderWorker.call(SystemApplicationClassLoaderWorker.java:122)
	at org.gradle.process.internal.worker.child.SystemApplicationClassLoaderWorker.call(SystemApplicationClassLoaderWorker.java:72)
	at worker.org.gradle.process.internal.worker.GradleWorkerMain.run(GradleWorkerMain.java:69)
	at worker.org.gradle.process.internal.worker.GradleWorkerMain.main(GradleWorkerMain.java:74)
Caused by: org.springframework.beans.factory.BeanCreationException: Error creating bean with name 'entityManagerFactory' defined in class path resource [org/springframework/boot/autoconfigure/orm/jpa/HibernateJpaConfiguration.class]: [PersistenceUnit: default] Unable to build Hibernate SessionFactory; nested exception is org.hibernate.tool.schema.spi.SchemaManagementException: Schema-validation: missing table [tb_catequisando]
	at org.springframework.beans.factory.support.AbstractAutowireCapableBeanFactory.initializeBean(AbstractAutowireCapableBeanFactory.java:1826)
	at org.springframework.beans.factory.support.AbstractAutowireCapableBeanFactory.doCreateBean(AbstractAutowireCapableBeanFactory.java:607)
	at org.springframework.beans.factory.support.AbstractAutowireCapableBeanFactory.createBean(AbstractAutowireCapableBeanFactory.java:529)
	at org.springframework.beans.factory.support.AbstractBeanFactory.lambda$doGetBean$0(AbstractBeanFactory.java:339)
	at org.springframework.beans.factory.support.DefaultSingletonBeanRegistry.getSingleton(DefaultSingletonBeanRegistry.java:373)
	at org.springframework.beans.factory.support.AbstractBeanFactory.doGetBean(AbstractBeanFactory.java:337)
	at org.springframework.beans.factory.support.AbstractBeanFactory.getBean(AbstractBeanFactory.java:207)
	at org.springframework.context.support.AbstractApplicationContext.finishBeanFactoryInitialization(AbstractApplicationContext.java:970)
	at org.springframework.context.support.AbstractApplicationContext.refresh(AbstractApplicationContext.java:627)
	at org.springframework.boot.SpringApplication.refresh(SpringApplication.java:752)
	at org.springframework.boot.SpringApplication.refreshContext(SpringApplication.java:439)
	at org.springframework.boot.SpringApplication.run(SpringApplication.java:318)
	at org.springframework.boot.test.context.SpringBootContextLoader.lambda$loadContext$3(SpringBootContextLoader.java:144)
	at org.springframework.util.function.ThrowingSupplier.get(ThrowingSupplier.java:58)
	at org.springframework.util.function.ThrowingSupplier.get(ThrowingSupplier.java:46)
	at org.springframework.boot.SpringApplication.withHook(SpringApplication.java:1461)
	at org.springframework.boot.test.context.SpringBootContextLoader$ContextLoaderHook.run(SpringBootContextLoader.java:563)
	at org.springframework.boot.test.context.SpringBootContextLoader.loadContext(SpringBootContextLoader.java:144)
	at org.springframework.boot.test.context.SpringBootContextLoader.loadContext(SpringBootContextLoader.java:110)
	at org.springframework.test.context.cache.DefaultCacheAwareContextLoaderDelegate.loadContextInternal(DefaultCacheAwareContextLoaderDelegate.java:225)
	at org.springframework.test.context.cache.DefaultCacheAwareContextLoaderDelegate.loadContext(DefaultCacheAwareContextLoaderDelegate.java:152)
	... 91 common frames omitted
Caused by: jakarta.persistence.PersistenceException: [PersistenceUnit: default] Unable to build Hibernate SessionFactory; nested exception is org.hibernate.tool.schema.spi.SchemaManagementException: Schema-validation: missing table [tb_catequisando]
	at org.springframework.orm.jpa.AbstractEntityManagerFactoryBean.buildNativeEntityManagerFactory(AbstractEntityManagerFactoryBean.java:431)
	at org.springframework.orm.jpa.AbstractEntityManagerFactoryBean.afterPropertiesSet(AbstractEntityManagerFactoryBean.java:400)
	at org.springframework.orm.jpa.LocalContainerEntityManagerFactoryBean.afterPropertiesSet(LocalContainerEntityManagerFactoryBean.java:366)
	at org.springframework.beans.factory.support.AbstractAutowireCapableBeanFactory.invokeInitMethods(AbstractAutowireCapableBeanFactory.java:1873)
	at org.springframework.beans.factory.support.AbstractAutowireCapableBeanFactory.initializeBean(AbstractAutowireCapableBeanFactory.java:1822)
	... 111 common frames omitted
Caused by: org.hibernate.tool.schema.spi.SchemaManagementException: Schema-validation: missing table [tb_catequisando]
	at org.hibernate.tool.schema.internal.AbstractSchemaValidator.validateTable(AbstractSchemaValidator.java:136)
	at org.hibernate.tool.schema.internal.GroupedSchemaValidatorImpl.validateTables(GroupedSchemaValidatorImpl.java:46)
	at org.hibernate.tool.schema.internal.AbstractSchemaValidator.performValidation(AbstractSchemaValidator.java:99)
	at org.hibernate.tool.schema.internal.AbstractSchemaValidator.doValidation(AbstractSchemaValidator.java:77)
	at org.hibernate.tool.schema.spi.SchemaManagementToolCoordinator.performDatabaseAction(SchemaManagementToolCoordinator.java:289)
	at org.hibernate.tool.schema.spi.SchemaManagementToolCoordinator.lambda$process$5(SchemaManagementToolCoordinator.java:144)
	at java.base/java.util.HashMap.forEach(HashMap.java:1429)
	at org.hibernate.tool.schema.spi.SchemaManagementToolCoordinator.process(SchemaManagementToolCoordinator.java:141)
	at org.hibernate.boot.internal.SessionFactoryObserverForSchemaExport.sessionFactoryCreated(SessionFactoryObserverForSchemaExport.java:37)
	at org.hibernate.internal.SessionFactoryObserverChain.sessionFactoryCreated(SessionFactoryObserverChain.java:35)
	at org.hibernate.internal.SessionFactoryImpl.<init>(SessionFactoryImpl.java:324)
	at org.hibernate.boot.internal.SessionFactoryBuilderImpl.build(SessionFactoryBuilderImpl.java:463)
	at org.hibernate.jpa.boot.internal.EntityManagerFactoryBuilderImpl.build(EntityManagerFactoryBuilderImpl.java:1517)
	at org.springframework.orm.jpa.vendor.SpringHibernateJpaPersistenceProvider.createContainerEntityManagerFactory(SpringHibernateJpaPersistenceProvider.java:66)
	at org.springframework.orm.jpa.LocalContainerEntityManagerFactoryBean.createNativeEntityManagerFactory(LocalContainerEntityManagerFactoryBean.java:390)
	at org.springframework.orm.jpa.AbstractEntityManagerFactoryBean.buildNativeEntityManagerFactory(AbstractEntityManagerFactoryBean.java:419)
	... 115 common frames omitted
2026-02-19 23:48:12.780 [Test worker] INFO  c.c.c.CatequeseapiApplicationTests - Starting CatequeseapiApplicationTests using Java 21.0.8 with PID 10831 (started by usuario in /home/usuario/workspace/catequeseapi)
2026-02-19 23:48:12.781 [Test worker] DEBUG c.c.c.CatequeseapiApplicationTests - Running with Spring Boot v3.5.5, Spring v6.2.10
2026-02-19 23:48:12.782 [Test worker] INFO  c.c.c.CatequeseapiApplicationTests - No active profile set, falling back to 1 default profile: "default"
2026-02-19 23:48:13.260 [Test worker] INFO  o.s.d.r.c.RepositoryConfigurationDelegate - Bootstrapping Spring Data JPA repositories in DEFAULT mode.
2026-02-19 23:48:13.320 [Test worker] INFO  o.s.d.r.c.RepositoryConfigurationDelegate - Finished Spring Data repository scanning in 52 ms. Found 12 JPA repository interfaces.
2026-02-19 23:48:13.723 [Test worker] INFO  o.h.jpa.internal.util.LogHelper - HHH000204: Processing PersistenceUnitInfo [name: default]
2026-02-19 23:48:13.759 [Test worker] INFO  org.hibernate.Version - HHH000412: Hibernate ORM core version 6.6.26.Final
2026-02-19 23:48:13.779 [Test worker] INFO  o.h.c.i.RegionFactoryInitiator - HHH000026: Second-level cache disabled
2026-02-19 23:48:13.934 [Test worker] INFO  o.s.o.j.p.SpringPersistenceUnitInfo - No LoadTimeWeaver setup: ignoring JPA class transformer
2026-02-19 23:48:13.953 [Test worker] INFO  com.zaxxer.hikari.HikariDataSource - HikariPool-1 - Starting...
2026-02-19 23:48:19.044 [Test worker] INFO  com.zaxxer.hikari.pool.HikariPool - HikariPool-1 - Added connection com.mysql.cj.jdbc.ConnectionImpl@3a13f663
2026-02-19 23:48:19.045 [Test worker] INFO  com.zaxxer.hikari.HikariDataSource - HikariPool-1 - Start completed.
2026-02-19 23:48:19.674 [Test worker] WARN  org.hibernate.orm.deprecation - HHH90000025: MySQL8Dialect does not need to be specified explicitly using 'hibernate.dialect' (remove the property setting and it will be selected by default)
2026-02-19 23:48:19.675 [Test worker] WARN  org.hibernate.orm.deprecation - HHH90000026: MySQL8Dialect has been deprecated; use org.hibernate.dialect.MySQLDialect instead
2026-02-19 23:48:19.685 [Test worker] INFO  o.hibernate.orm.connections.pooling - HHH10001005: Database info:
	Database JDBC URL [Connecting through datasource 'HikariDataSource (HikariPool-1)']
	Database driver: undefined/unknown
	Database version: 8.0
	Autocommit mode: undefined/unknown
	Isolation level: undefined/unknown
	Minimum pool size: undefined/unknown
	Maximum pool size: undefined/unknown
2026-02-19 23:48:20.310 [Test worker] INFO  o.h.e.t.j.p.i.JtaPlatformInitiator - HHH000489: No JTA platform available (set 'hibernate.transaction.jta.platform' to enable JTA platform integration)
2026-02-19 23:48:21.505 [Test worker] INFO  o.s.o.j.LocalContainerEntityManagerFactoryBean - Initialized JPA EntityManagerFactory for persistence unit 'default'
2026-02-19 23:48:21.982 [Test worker] INFO  c.c.c.service.FileStorageService - 📂 Inicializando FileStorageService com diretório raiz: /home/usuario/workspace/catequeseapi/uploads
2026-02-19 23:48:21.984 [Test worker] INFO  c.c.c.service.FileStorageService - ✅ Diretório de uploads criado/verificado
2026-02-19 23:48:22.143 [Test worker] WARN  o.s.b.a.o.j.JpaBaseConfiguration$JpaWebConfiguration - spring.jpa.open-in-view is enabled by default. Therefore, database queries may be performed during view rendering. Explicitly configure spring.jpa.open-in-view to disable this warning
2026-02-19 23:48:22.167 [Test worker] INFO  o.s.b.a.w.s.WelcomePageHandlerMapping - Adding welcome page: class path resource [static/index.html]
2026-02-19 23:48:22.499 [Test worker] INFO  c.c.c.CatequeseapiApplicationTests - Started CatequeseapiApplicationTests in 9.946 seconds (process running for 10.628)
2026-02-19 23:48:22.812 [SpringApplicationShutdownHook] INFO  o.s.o.j.LocalContainerEntityManagerFactoryBean - Closing JPA EntityManagerFactory for persistence unit 'default'
2026-02-19 23:48:22.814 [SpringApplicationShutdownHook] INFO  com.zaxxer.hikari.HikariDataSource - HikariPool-1 - Shutdown initiated...
2026-02-19 23:48:25.524 [SpringApplicationShutdownHook] INFO  com.zaxxer.hikari.HikariDataSource - HikariPool-1 - Shutdown completed.
2026-02-19 23:48:31.447 [restartedMain] INFO  c.c.c.CatequeseapiApplicationKt - Starting CatequeseapiApplicationKt using Java 21.0.8 with PID 11136 (/home/usuario/workspace/catequeseapi/build/classes/kotlin/main started by usuario in /home/usuario/workspace/catequeseapi)
2026-02-19 23:48:31.447 [restartedMain] DEBUG c.c.c.CatequeseapiApplicationKt - Running with Spring Boot v3.5.5, Spring v6.2.10
2026-02-19 23:48:31.448 [restartedMain] INFO  c.c.c.CatequeseapiApplicationKt - No active profile set, falling back to 1 default profile: "default"
2026-02-19 23:48:31.474 [restartedMain] INFO  o.s.b.d.e.DevToolsPropertyDefaultsPostProcessor - Devtools property defaults active! Set 'spring.devtools.add-properties' to 'false' to disable
2026-02-19 23:48:31.474 [restartedMain] INFO  o.s.b.d.e.DevToolsPropertyDefaultsPostProcessor - For additional web related logging consider setting the 'logging.level.web' property to 'DEBUG'
2026-02-19 23:48:31.860 [restartedMain] INFO  o.s.d.r.c.RepositoryConfigurationDelegate - Bootstrapping Spring Data JPA repositories in DEFAULT mode.
2026-02-19 23:48:31.910 [restartedMain] INFO  o.s.d.r.c.RepositoryConfigurationDelegate - Finished Spring Data repository scanning in 45 ms. Found 12 JPA repository interfaces.
2026-02-19 23:48:32.222 [restartedMain] INFO  o.s.b.w.e.tomcat.TomcatWebServer - Tomcat initialized with port 8080 (http)
2026-02-19 23:48:32.232 [restartedMain] INFO  o.a.catalina.core.StandardService - Starting service [Tomcat]
2026-02-19 23:48:32.232 [restartedMain] INFO  o.a.catalina.core.StandardEngine - Starting Servlet engine: [Apache Tomcat/10.1.44]
2026-02-19 23:48:32.256 [restartedMain] INFO  o.a.c.c.C.[Tomcat].[localhost].[/] - Initializing Spring embedded WebApplicationContext
2026-02-19 23:48:32.256 [restartedMain] INFO  o.s.b.w.s.c.ServletWebServerApplicationContext - Root WebApplicationContext: initialization completed in 781 ms
2026-02-19 23:48:32.350 [restartedMain] INFO  o.h.jpa.internal.util.LogHelper - HHH000204: Processing PersistenceUnitInfo [name: default]
2026-02-19 23:48:32.378 [restartedMain] INFO  org.hibernate.Version - HHH000412: Hibernate ORM core version 6.6.26.Final
2026-02-19 23:48:32.395 [restartedMain] INFO  o.h.c.i.RegionFactoryInitiator - HHH000026: Second-level cache disabled
2026-02-19 23:48:32.547 [restartedMain] INFO  o.s.o.j.p.SpringPersistenceUnitInfo - No LoadTimeWeaver setup: ignoring JPA class transformer
2026-02-19 23:48:32.564 [restartedMain] INFO  com.zaxxer.hikari.HikariDataSource - HikariPool-1 - Starting...
2026-02-19 23:48:36.554 [restartedMain] INFO  com.zaxxer.hikari.pool.HikariPool - HikariPool-1 - Added connection com.mysql.cj.jdbc.ConnectionImpl@b126377
2026-02-19 23:48:36.555 [restartedMain] INFO  com.zaxxer.hikari.HikariDataSource - HikariPool-1 - Start completed.
2026-02-19 23:48:36.770 [restartedMain] WARN  org.hibernate.orm.deprecation - HHH90000025: MySQL8Dialect does not need to be specified explicitly using 'hibernate.dialect' (remove the property setting and it will be selected by default)
2026-02-19 23:48:36.771 [restartedMain] WARN  org.hibernate.orm.deprecation - HHH90000026: MySQL8Dialect has been deprecated; use org.hibernate.dialect.MySQLDialect instead
2026-02-19 23:48:36.780 [restartedMain] INFO  o.hibernate.orm.connections.pooling - HHH10001005: Database info:
	Database JDBC URL [Connecting through datasource 'HikariDataSource (HikariPool-1)']
	Database driver: undefined/unknown
	Database version: 8.0
	Autocommit mode: undefined/unknown
	Isolation level: undefined/unknown
	Minimum pool size: undefined/unknown
	Maximum pool size: undefined/unknown
2026-02-19 23:48:37.425 [restartedMain] INFO  o.h.e.t.j.p.i.JtaPlatformInitiator - HHH000489: No JTA platform available (set 'hibernate.transaction.jta.platform' to enable JTA platform integration)
2026-02-19 23:48:38.709 [restartedMain] INFO  o.s.o.j.LocalContainerEntityManagerFactoryBean - Initialized JPA EntityManagerFactory for persistence unit 'default'
2026-02-19 23:48:38.985 [restartedMain] INFO  c.c.c.service.FileStorageService - 📂 Inicializando FileStorageService com diretório raiz: /home/usuario/workspace/catequeseapi/uploads
2026-02-19 23:48:38.985 [restartedMain] INFO  c.c.c.service.FileStorageService - ✅ Diretório de uploads criado/verificado
2026-02-19 23:48:39.013 [restartedMain] WARN  o.s.b.a.o.j.JpaBaseConfiguration$JpaWebConfiguration - spring.jpa.open-in-view is enabled by default. Therefore, database queries may be performed during view rendering. Explicitly configure spring.jpa.open-in-view to disable this warning
2026-02-19 23:48:39.026 [restartedMain] INFO  o.s.b.a.w.s.WelcomePageHandlerMapping - Adding welcome page: class path resource [static/index.html]
2026-02-19 23:48:39.211 [restartedMain] INFO  o.s.b.d.a.OptionalLiveReloadServer - LiveReload server is running on port 35729
2026-02-19 23:48:39.228 [restartedMain] INFO  o.s.b.w.e.tomcat.TomcatWebServer - Tomcat started on port 8080 (http) with context path '/'
2026-02-19 23:48:39.234 [restartedMain] INFO  c.c.c.CatequeseapiApplicationKt - Started CatequeseapiApplicationKt in 8.091 seconds (process running for 8.335)
2026-02-19 23:48:43.550 [http-nio-8080-exec-1] INFO  o.a.c.c.C.[Tomcat].[localhost].[/] - Initializing Spring DispatcherServlet 'dispatcherServlet'
2026-02-19 23:48:43.550 [http-nio-8080-exec-1] INFO  o.s.web.servlet.DispatcherServlet - Initializing Servlet 'dispatcherServlet'
2026-02-19 23:48:43.551 [http-nio-8080-exec-1] INFO  o.s.web.servlet.DispatcherServlet - Completed initialization in 1 ms
2026-02-19 23:48:43.638 [http-nio-8080-exec-2] INFO  c.c.c.i.RequestLoggingInterceptor - ━━━━━━━━━━━━━━━━━━━━━━━━━━━━━━━━━━━━━━━━━━━━━━━━━━━━━━━━━━
2026-02-19 23:48:43.639 [http-nio-8080-exec-2] INFO  c.c.c.i.RequestLoggingInterceptor - 🔵 REQUEST INICIADA
2026-02-19 23:48:43.639 [http-nio-8080-exec-2] INFO  c.c.c.i.RequestLoggingInterceptor -    Método: GET
2026-02-19 23:48:43.639 [http-nio-8080-exec-2] INFO  c.c.c.i.RequestLoggingInterceptor -    URL: /api/turmas
2026-02-19 23:48:43.639 [http-nio-8080-exec-2] INFO  c.c.c.i.RequestLoggingInterceptor -    Query String: Nenhuma
2026-02-19 23:48:43.639 [http-nio-8080-exec-2] INFO  c.c.c.i.RequestLoggingInterceptor -    Remote Host: 0:0:0:0:0:0:0:1
2026-02-19 23:48:43.639 [http-nio-8080-exec-2] INFO  c.c.c.i.RequestLoggingInterceptor -    Content-Type: Não informado
2026-02-19 23:48:43.639 [http-nio-8080-exec-2] DEBUG c.c.c.i.RequestLoggingInterceptor -    Headers:
2026-02-19 23:48:43.639 [http-nio-8080-exec-2] DEBUG c.c.c.i.RequestLoggingInterceptor -       host: localhost:8080
2026-02-19 23:48:43.639 [http-nio-8080-exec-2] DEBUG c.c.c.i.RequestLoggingInterceptor -       connection: keep-alive
2026-02-19 23:48:43.640 [http-nio-8080-exec-2] DEBUG c.c.c.i.RequestLoggingInterceptor -       sec-ch-ua-platform: "Linux"
2026-02-19 23:48:43.640 [http-nio-8080-exec-2] DEBUG c.c.c.i.RequestLoggingInterceptor -       user-agent: Mozilla/5.0 (X11; Linux x86_64) AppleWebKit/537.36 (KHTML, like Gecko) Chrome/143.0.0.0 Safari/537.36
2026-02-19 23:48:43.640 [http-nio-8080-exec-2] DEBUG c.c.c.i.RequestLoggingInterceptor -       sec-ch-ua: "Google Chrome";v="143", "Chromium";v="143", "Not A(Brand";v="24"
2026-02-19 23:48:43.640 [http-nio-8080-exec-2] DEBUG c.c.c.i.RequestLoggingInterceptor -       sec-purpose: prefetch;prerender
2026-02-19 23:48:43.640 [http-nio-8080-exec-2] DEBUG c.c.c.i.RequestLoggingInterceptor -       sec-ch-ua-mobile: ?0
2026-02-19 23:48:43.640 [http-nio-8080-exec-2] DEBUG c.c.c.i.RequestLoggingInterceptor -       accept: */*
2026-02-19 23:48:43.640 [http-nio-8080-exec-2] DEBUG c.c.c.i.RequestLoggingInterceptor -       sec-fetch-site: same-origin
2026-02-19 23:48:43.640 [http-nio-8080-exec-2] DEBUG c.c.c.i.RequestLoggingInterceptor -       sec-fetch-mode: cors
2026-02-19 23:48:43.640 [http-nio-8080-exec-2] DEBUG c.c.c.i.RequestLoggingInterceptor -       sec-fetch-dest: empty
2026-02-19 23:48:43.640 [http-nio-8080-exec-2] DEBUG c.c.c.i.RequestLoggingInterceptor -       referer: http://localhost:8080/
2026-02-19 23:48:43.640 [http-nio-8080-exec-2] DEBUG c.c.c.i.RequestLoggingInterceptor -       accept-encoding: gzip, deflate, br, zstd
2026-02-19 23:48:43.640 [http-nio-8080-exec-2] DEBUG c.c.c.i.RequestLoggingInterceptor -       accept-language: en,pt-BR;q=0.9,pt;q=0.8
2026-02-19 23:48:45.476 [http-nio-8080-exec-2] INFO  c.c.c.i.RequestLoggingInterceptor - ✅ RESPONSE CONCLUÍDA
2026-02-19 23:48:45.476 [http-nio-8080-exec-2] INFO  c.c.c.i.RequestLoggingInterceptor -    Status: 200
2026-02-19 23:48:45.476 [http-nio-8080-exec-2] INFO  c.c.c.i.RequestLoggingInterceptor -    Duração: 1838ms
2026-02-19 23:48:45.476 [http-nio-8080-exec-2] INFO  c.c.c.i.RequestLoggingInterceptor -    Content-Type: application/json
2026-02-19 23:48:45.476 [http-nio-8080-exec-2] INFO  c.c.c.i.RequestLoggingInterceptor - ━━━━━━━━━━━━━━━━━━━━━━━━━━━━━━━━━━━━━━━━━━━━━━━━━━━━━━━━━━
2026-02-19 23:48:45.480 [http-nio-8080-exec-3] INFO  c.c.c.i.RequestLoggingInterceptor - ━━━━━━━━━━━━━━━━━━━━━━━━━━━━━━━━━━━━━━━━━━━━━━━━━━━━━━━━━━
2026-02-19 23:48:45.480 [http-nio-8080-exec-3] INFO  c.c.c.i.RequestLoggingInterceptor - 🔵 REQUEST INICIADA
2026-02-19 23:48:45.480 [http-nio-8080-exec-3] INFO  c.c.c.i.RequestLoggingInterceptor -    Método: GET
2026-02-19 23:48:45.480 [http-nio-8080-exec-3] INFO  c.c.c.i.RequestLoggingInterceptor -    URL: /api/comunidades
2026-02-19 23:48:45.480 [http-nio-8080-exec-3] INFO  c.c.c.i.RequestLoggingInterceptor -    Query String: Nenhuma
2026-02-19 23:48:45.480 [http-nio-8080-exec-3] INFO  c.c.c.i.RequestLoggingInterceptor -    Remote Host: 0:0:0:0:0:0:0:1
2026-02-19 23:48:45.481 [http-nio-8080-exec-3] INFO  c.c.c.i.RequestLoggingInterceptor -    Content-Type: Não informado
2026-02-19 23:48:45.481 [http-nio-8080-exec-3] DEBUG c.c.c.i.RequestLoggingInterceptor -    Headers:
2026-02-19 23:48:45.481 [http-nio-8080-exec-3] DEBUG c.c.c.i.RequestLoggingInterceptor -       host: localhost:8080
2026-02-19 23:48:45.481 [http-nio-8080-exec-3] DEBUG c.c.c.i.RequestLoggingInterceptor -       connection: keep-alive
2026-02-19 23:48:45.481 [http-nio-8080-exec-3] DEBUG c.c.c.i.RequestLoggingInterceptor -       sec-ch-ua-platform: "Linux"
2026-02-19 23:48:45.481 [http-nio-8080-exec-3] DEBUG c.c.c.i.RequestLoggingInterceptor -       user-agent: Mozilla/5.0 (X11; Linux x86_64) AppleWebKit/537.36 (KHTML, like Gecko) Chrome/143.0.0.0 Safari/537.36
2026-02-19 23:48:45.481 [http-nio-8080-exec-3] DEBUG c.c.c.i.RequestLoggingInterceptor -       sec-ch-ua: "Google Chrome";v="143", "Chromium";v="143", "Not A(Brand";v="24"
2026-02-19 23:48:45.481 [http-nio-8080-exec-3] DEBUG c.c.c.i.RequestLoggingInterceptor -       sec-purpose: prefetch;prerender
2026-02-19 23:48:45.481 [http-nio-8080-exec-3] DEBUG c.c.c.i.RequestLoggingInterceptor -       sec-ch-ua-mobile: ?0
2026-02-19 23:48:45.481 [http-nio-8080-exec-3] DEBUG c.c.c.i.RequestLoggingInterceptor -       accept: */*
2026-02-19 23:48:45.481 [http-nio-8080-exec-3] DEBUG c.c.c.i.RequestLoggingInterceptor -       sec-fetch-site: same-origin
2026-02-19 23:48:45.481 [http-nio-8080-exec-3] DEBUG c.c.c.i.RequestLoggingInterceptor -       sec-fetch-mode: cors
2026-02-19 23:48:45.481 [http-nio-8080-exec-3] DEBUG c.c.c.i.RequestLoggingInterceptor -       sec-fetch-dest: empty
2026-02-19 23:48:45.481 [http-nio-8080-exec-3] DEBUG c.c.c.i.RequestLoggingInterceptor -       referer: http://localhost:8080/
2026-02-19 23:48:45.481 [http-nio-8080-exec-3] DEBUG c.c.c.i.RequestLoggingInterceptor -       accept-encoding: gzip, deflate, br, zstd
2026-02-19 23:48:45.481 [http-nio-8080-exec-3] DEBUG c.c.c.i.RequestLoggingInterceptor -       accept-language: en,pt-BR;q=0.9,pt;q=0.8
2026-02-19 23:48:45.590 [http-nio-8080-exec-4] WARN  o.s.w.s.m.m.a.ExceptionHandlerExceptionResolver - Resolved [org.springframework.web.servlet.resource.NoResourceFoundException: No static resource favicon.ico.]
2026-02-19 23:48:46.609 [http-nio-8080-exec-3] INFO  c.c.c.i.RequestLoggingInterceptor - ✅ RESPONSE CONCLUÍDA
2026-02-19 23:48:46.609 [http-nio-8080-exec-3] INFO  c.c.c.i.RequestLoggingInterceptor -    Status: 200
2026-02-19 23:48:46.609 [http-nio-8080-exec-3] INFO  c.c.c.i.RequestLoggingInterceptor -    Duração: 1129ms
2026-02-19 23:48:46.609 [http-nio-8080-exec-3] INFO  c.c.c.i.RequestLoggingInterceptor -    Content-Type: application/json
2026-02-19 23:48:46.609 [http-nio-8080-exec-3] INFO  c.c.c.i.RequestLoggingInterceptor - ━━━━━━━━━━━━━━━━━━━━━━━━━━━━━━━━━━━━━━━━━━━━━━━━━━━━━━━━━━
2026-02-19 23:50:07.319 [http-nio-8080-exec-6] INFO  c.c.c.i.RequestLoggingInterceptor - ━━━━━━━━━━━━━━━━━━━━━━━━━━━━━━━━━━━━━━━━━━━━━━━━━━━━━━━━━━
2026-02-19 23:50:07.320 [http-nio-8080-exec-6] INFO  c.c.c.i.RequestLoggingInterceptor - 🔵 REQUEST INICIADA
2026-02-19 23:50:07.320 [http-nio-8080-exec-6] INFO  c.c.c.i.RequestLoggingInterceptor -    Método: POST
2026-02-19 23:50:07.320 [http-nio-8080-exec-6] INFO  c.c.c.i.RequestLoggingInterceptor -    URL: /api/catequisandos
2026-02-19 23:50:07.320 [http-nio-8080-exec-6] INFO  c.c.c.i.RequestLoggingInterceptor -    Query String: Nenhuma
2026-02-19 23:50:07.320 [http-nio-8080-exec-6] INFO  c.c.c.i.RequestLoggingInterceptor -    Remote Host: 0:0:0:0:0:0:0:1
2026-02-19 23:50:07.320 [http-nio-8080-exec-6] INFO  c.c.c.i.RequestLoggingInterceptor -    Content-Type: application/json
2026-02-19 23:50:07.320 [http-nio-8080-exec-6] DEBUG c.c.c.i.RequestLoggingInterceptor -    Headers:
2026-02-19 23:50:07.320 [http-nio-8080-exec-6] DEBUG c.c.c.i.RequestLoggingInterceptor -       host: localhost:8080
2026-02-19 23:50:07.320 [http-nio-8080-exec-6] DEBUG c.c.c.i.RequestLoggingInterceptor -       connection: keep-alive
2026-02-19 23:50:07.320 [http-nio-8080-exec-6] DEBUG c.c.c.i.RequestLoggingInterceptor -       content-length: 605
2026-02-19 23:50:07.320 [http-nio-8080-exec-6] DEBUG c.c.c.i.RequestLoggingInterceptor -       sec-ch-ua-platform: "Linux"
2026-02-19 23:50:07.320 [http-nio-8080-exec-6] DEBUG c.c.c.i.RequestLoggingInterceptor -       user-agent: Mozilla/5.0 (X11; Linux x86_64) AppleWebKit/537.36 (KHTML, like Gecko) Chrome/143.0.0.0 Safari/537.36
2026-02-19 23:50:07.320 [http-nio-8080-exec-6] DEBUG c.c.c.i.RequestLoggingInterceptor -       sec-ch-ua: "Google Chrome";v="143", "Chromium";v="143", "Not A(Brand";v="24"
2026-02-19 23:50:07.321 [http-nio-8080-exec-6] DEBUG c.c.c.i.RequestLoggingInterceptor -       content-type: application/json
2026-02-19 23:50:07.321 [http-nio-8080-exec-6] DEBUG c.c.c.i.RequestLoggingInterceptor -       sec-ch-ua-mobile: ?0
2026-02-19 23:50:07.321 [http-nio-8080-exec-6] DEBUG c.c.c.i.RequestLoggingInterceptor -       accept: */*
2026-02-19 23:50:07.321 [http-nio-8080-exec-6] DEBUG c.c.c.i.RequestLoggingInterceptor -       origin: http://localhost:8080
2026-02-19 23:50:07.321 [http-nio-8080-exec-6] DEBUG c.c.c.i.RequestLoggingInterceptor -       sec-fetch-site: same-origin
2026-02-19 23:50:07.321 [http-nio-8080-exec-6] DEBUG c.c.c.i.RequestLoggingInterceptor -       sec-fetch-mode: cors
2026-02-19 23:50:07.321 [http-nio-8080-exec-6] DEBUG c.c.c.i.RequestLoggingInterceptor -       sec-fetch-dest: empty
2026-02-19 23:50:07.321 [http-nio-8080-exec-6] DEBUG c.c.c.i.RequestLoggingInterceptor -       referer: http://localhost:8080/
2026-02-19 23:50:07.321 [http-nio-8080-exec-6] DEBUG c.c.c.i.RequestLoggingInterceptor -       accept-encoding: gzip, deflate, br, zstd
2026-02-19 23:50:07.321 [http-nio-8080-exec-6] DEBUG c.c.c.i.RequestLoggingInterceptor -       accept-language: en,pt-BR;q=0.9,pt;q=0.8
2026-02-19 23:50:07.380 [http-nio-8080-exec-6] INFO  c.c.c.c.CatequisandoController - 📝 POST /api/catequisandos - Criando novo catequisando
2026-02-19 23:50:07.388 [http-nio-8080-exec-6] INFO  c.c.c.c.CatequisandoController - 📥 Dados recebidos: Catequisando(idCatequisando=0, nome=GABRIEL FERREIRA DE MATOS, telefone=1137510032, email=shadoways123@gmail.com, dataNascimento=1984-02-13, nomeResponsavel=Maria Nakano, telefoneResponsavel=11994574444, endereco=Av HENRIQUETA MENDES GUERRA, 1398B, numeroDocumento=302456652, tipoDocumento=RG, intoleranteGluten=false, foiBatizado=true, fezPrimeiraEucaristia=false, estadoConjugal=CASADO_IGREJA, ativo=true, turma=Turma(idTurma=3, nome=Crisma I, descricao=Turma crisma 1, ano=null, nivel=null, catequista=null, catequisandos=[]), comunidade=Comunidade(idComunidade=1, nome=Matriz, descricao=Matriz, ativo=true, catequisandos=[]), presencas=[], fichasInscricao=[], documentos=[])
2026-02-19 23:50:07.388 [http-nio-8080-exec-6] DEBUG c.c.c.c.CatequisandoController -    - Nome: GABRIEL FERREIRA DE MATOS
2026-02-19 23:50:07.388 [http-nio-8080-exec-6] DEBUG c.c.c.c.CatequisandoController -    - Email: shadoways123@gmail.com
2026-02-19 23:50:07.388 [http-nio-8080-exec-6] DEBUG c.c.c.c.CatequisandoController -    - Telefone: 1137510032
2026-02-19 23:50:07.388 [http-nio-8080-exec-6] DEBUG c.c.c.c.CatequisandoController -    - Endereco: Av HENRIQUETA MENDES GUERRA, 1398B
2026-02-19 23:50:07.388 [http-nio-8080-exec-6] DEBUG c.c.c.c.CatequisandoController -    - Numero Documento: 302456652
2026-02-19 23:50:07.388 [http-nio-8080-exec-6] DEBUG c.c.c.c.CatequisandoController -    - Tipo Documento: RG
2026-02-19 23:50:07.388 [http-nio-8080-exec-6] DEBUG c.c.c.c.CatequisandoController -    - Estado Conjugal: CASADO_IGREJA
2026-02-19 23:50:07.388 [http-nio-8080-exec-6] DEBUG c.c.c.c.CatequisandoController -    - Foi Batizado: true
2026-02-19 23:50:07.388 [http-nio-8080-exec-6] DEBUG c.c.c.c.CatequisandoController -    - Fez Primeira Eucaristia: false
2026-02-19 23:50:07.388 [http-nio-8080-exec-6] DEBUG c.c.c.c.CatequisandoController -    - Intolerante Gluten: false
2026-02-19 23:50:07.388 [http-nio-8080-exec-6] DEBUG c.c.c.c.CatequisandoController -    - Turma ID: 3
2026-02-19 23:50:07.388 [http-nio-8080-exec-6] DEBUG c.c.c.c.CatequisandoController -    - Comunidade ID: 1
2026-02-19 23:50:07.389 [http-nio-8080-exec-6] DEBUG c.c.c.service.CatequisandoService - 💾 Service: Salvando catequisando no banco: GABRIEL FERREIRA DE MATOS
2026-02-19 23:50:09.321 [http-nio-8080-exec-6] INFO  c.c.c.service.CatequisandoService - ✅ Service: Catequisando salvo com ID=1
2026-02-19 23:50:09.321 [http-nio-8080-exec-6] INFO  c.c.c.c.CatequisandoController - ✅ Catequisando criado com ID: 1
2026-02-19 23:50:09.328 [http-nio-8080-exec-6] INFO  c.c.c.i.RequestLoggingInterceptor - ✅ RESPONSE CONCLUÍDA
2026-02-19 23:50:09.328 [http-nio-8080-exec-6] INFO  c.c.c.i.RequestLoggingInterceptor -    Status: 201
2026-02-19 23:50:09.328 [http-nio-8080-exec-6] INFO  c.c.c.i.RequestLoggingInterceptor -    Duração: 2009ms
2026-02-19 23:50:09.328 [http-nio-8080-exec-6] INFO  c.c.c.i.RequestLoggingInterceptor -    Content-Type: application/json
2026-02-19 23:50:09.328 [http-nio-8080-exec-6] INFO  c.c.c.i.RequestLoggingInterceptor - ━━━━━━━━━━━━━━━━━━━━━━━━━━━━━━━━━━━━━━━━━━━━━━━━━━━━━━━━━━
2026-02-19 23:50:09.332 [http-nio-8080-exec-7] INFO  c.c.c.i.RequestLoggingInterceptor - ━━━━━━━━━━━━━━━━━━━━━━━━━━━━━━━━━━━━━━━━━━━━━━━━━━━━━━━━━━
2026-02-19 23:50:09.332 [http-nio-8080-exec-7] INFO  c.c.c.i.RequestLoggingInterceptor - 🔵 REQUEST INICIADA
2026-02-19 23:50:09.332 [http-nio-8080-exec-7] INFO  c.c.c.i.RequestLoggingInterceptor -    Método: POST
2026-02-19 23:50:09.332 [http-nio-8080-exec-7] INFO  c.c.c.i.RequestLoggingInterceptor -    URL: /api/fichas
2026-02-19 23:50:09.332 [http-nio-8080-exec-7] INFO  c.c.c.i.RequestLoggingInterceptor -    Query String: Nenhuma
2026-02-19 23:50:09.332 [http-nio-8080-exec-7] INFO  c.c.c.i.RequestLoggingInterceptor -    Remote Host: 0:0:0:0:0:0:0:1
2026-02-19 23:50:09.332 [http-nio-8080-exec-7] INFO  c.c.c.i.RequestLoggingInterceptor -    Content-Type: application/json
2026-02-19 23:50:09.332 [http-nio-8080-exec-7] DEBUG c.c.c.i.RequestLoggingInterceptor -    Headers:
2026-02-19 23:50:09.332 [http-nio-8080-exec-7] DEBUG c.c.c.i.RequestLoggingInterceptor -       host: localhost:8080
2026-02-19 23:50:09.332 [http-nio-8080-exec-7] DEBUG c.c.c.i.RequestLoggingInterceptor -       connection: keep-alive
2026-02-19 23:50:09.332 [http-nio-8080-exec-7] DEBUG c.c.c.i.RequestLoggingInterceptor -       content-length: 68
2026-02-19 23:50:09.332 [http-nio-8080-exec-7] DEBUG c.c.c.i.RequestLoggingInterceptor -       sec-ch-ua-platform: "Linux"
2026-02-19 23:50:09.332 [http-nio-8080-exec-7] DEBUG c.c.c.i.RequestLoggingInterceptor -       user-agent: Mozilla/5.0 (X11; Linux x86_64) AppleWebKit/537.36 (KHTML, like Gecko) Chrome/143.0.0.0 Safari/537.36
2026-02-19 23:50:09.332 [http-nio-8080-exec-7] DEBUG c.c.c.i.RequestLoggingInterceptor -       sec-ch-ua: "Google Chrome";v="143", "Chromium";v="143", "Not A(Brand";v="24"
2026-02-19 23:50:09.332 [http-nio-8080-exec-7] DEBUG c.c.c.i.RequestLoggingInterceptor -       content-type: application/json
2026-02-19 23:50:09.332 [http-nio-8080-exec-7] DEBUG c.c.c.i.RequestLoggingInterceptor -       sec-ch-ua-mobile: ?0
2026-02-19 23:50:09.332 [http-nio-8080-exec-7] DEBUG c.c.c.i.RequestLoggingInterceptor -       accept: */*
2026-02-19 23:50:09.332 [http-nio-8080-exec-7] DEBUG c.c.c.i.RequestLoggingInterceptor -       origin: http://localhost:8080
2026-02-19 23:50:09.332 [http-nio-8080-exec-7] DEBUG c.c.c.i.RequestLoggingInterceptor -       sec-fetch-site: same-origin
2026-02-19 23:50:09.332 [http-nio-8080-exec-7] DEBUG c.c.c.i.RequestLoggingInterceptor -       sec-fetch-mode: cors
2026-02-19 23:50:09.332 [http-nio-8080-exec-7] DEBUG c.c.c.i.RequestLoggingInterceptor -       sec-fetch-dest: empty
2026-02-19 23:50:09.332 [http-nio-8080-exec-7] DEBUG c.c.c.i.RequestLoggingInterceptor -       referer: http://localhost:8080/
2026-02-19 23:50:09.332 [http-nio-8080-exec-7] DEBUG c.c.c.i.RequestLoggingInterceptor -       accept-encoding: gzip, deflate, br, zstd
2026-02-19 23:50:09.332 [http-nio-8080-exec-7] DEBUG c.c.c.i.RequestLoggingInterceptor -       accept-language: en,pt-BR;q=0.9,pt;q=0.8
2026-02-19 23:50:09.338 [http-nio-8080-exec-7] INFO  c.c.c.c.FichaInscricaoController - 📝 POST /api/fichas - Criando nova ficha (DTO)
2026-02-19 23:50:09.338 [http-nio-8080-exec-7] INFO  c.c.c.c.FichaInscricaoController - 📥 DTO recebido: FichaInscricaoDTO(dataInscricao=2026-02-19, observacoes=null, catequisandoId=1)
2026-02-19 23:50:09.338 [http-nio-8080-exec-7] DEBUG c.c.c.c.FichaInscricaoController - 🔎 Procurando catequisando id=1
2026-02-19 23:50:12.705 [http-nio-8080-exec-7] INFO  c.c.c.c.FichaInscricaoController - ✅ Ficha criada com ID: 1
2026-02-19 23:50:12.708 [http-nio-8080-exec-7] INFO  c.c.c.i.RequestLoggingInterceptor - ✅ RESPONSE CONCLUÍDA
2026-02-19 23:50:12.708 [http-nio-8080-exec-7] INFO  c.c.c.i.RequestLoggingInterceptor -    Status: 201
2026-02-19 23:50:12.708 [http-nio-8080-exec-7] INFO  c.c.c.i.RequestLoggingInterceptor -    Duração: 3376ms
2026-02-19 23:50:12.708 [http-nio-8080-exec-7] INFO  c.c.c.i.RequestLoggingInterceptor -    Content-Type: application/json
2026-02-19 23:50:12.708 [http-nio-8080-exec-7] INFO  c.c.c.i.RequestLoggingInterceptor - ━━━━━━━━━━━━━━━━━━━━━━━━━━━━━━━━━━━━━━━━━━━━━━━━━━━━━━━━━━
2026-02-19 23:50:12.724 [http-nio-8080-exec-8] INFO  c.c.c.i.RequestLoggingInterceptor - ━━━━━━━━━━━━━━━━━━━━━━━━━━━━━━━━━━━━━━━━━━━━━━━━━━━━━━━━━━
2026-02-19 23:50:12.724 [http-nio-8080-exec-8] INFO  c.c.c.i.RequestLoggingInterceptor - 🔵 REQUEST INICIADA
2026-02-19 23:50:12.724 [http-nio-8080-exec-8] INFO  c.c.c.i.RequestLoggingInterceptor -    Método: POST
2026-02-19 23:50:12.724 [http-nio-8080-exec-8] INFO  c.c.c.i.RequestLoggingInterceptor -    URL: /api/files
2026-02-19 23:50:12.724 [http-nio-8080-exec-8] INFO  c.c.c.i.RequestLoggingInterceptor -    Query String: Nenhuma
2026-02-19 23:50:12.724 [http-nio-8080-exec-8] INFO  c.c.c.i.RequestLoggingInterceptor -    Remote Host: 0:0:0:0:0:0:0:1
2026-02-19 23:50:12.724 [http-nio-8080-exec-8] INFO  c.c.c.i.RequestLoggingInterceptor -    Content-Type: multipart/form-data; boundary=----WebKitFormBoundary5CrB2iUVPfQu7kpn
2026-02-19 23:50:12.724 [http-nio-8080-exec-8] DEBUG c.c.c.i.RequestLoggingInterceptor -    Headers:
2026-02-19 23:50:12.724 [http-nio-8080-exec-8] DEBUG c.c.c.i.RequestLoggingInterceptor -       host: localhost:8080
2026-02-19 23:50:12.724 [http-nio-8080-exec-8] DEBUG c.c.c.i.RequestLoggingInterceptor -       connection: keep-alive
2026-02-19 23:50:12.724 [http-nio-8080-exec-8] DEBUG c.c.c.i.RequestLoggingInterceptor -       content-length: 164771
2026-02-19 23:50:12.724 [http-nio-8080-exec-8] DEBUG c.c.c.i.RequestLoggingInterceptor -       sec-ch-ua-platform: "Linux"
2026-02-19 23:50:12.724 [http-nio-8080-exec-8] DEBUG c.c.c.i.RequestLoggingInterceptor -       user-agent: Mozilla/5.0 (X11; Linux x86_64) AppleWebKit/537.36 (KHTML, like Gecko) Chrome/143.0.0.0 Safari/537.36
2026-02-19 23:50:12.724 [http-nio-8080-exec-8] DEBUG c.c.c.i.RequestLoggingInterceptor -       sec-ch-ua: "Google Chrome";v="143", "Chromium";v="143", "Not A(Brand";v="24"
2026-02-19 23:50:12.724 [http-nio-8080-exec-8] DEBUG c.c.c.i.RequestLoggingInterceptor -       content-type: multipart/form-data; boundary=----WebKitFormBoundary5CrB2iUVPfQu7kpn
2026-02-19 23:50:12.724 [http-nio-8080-exec-8] DEBUG c.c.c.i.RequestLoggingInterceptor -       sec-ch-ua-mobile: ?0
2026-02-19 23:50:12.724 [http-nio-8080-exec-8] DEBUG c.c.c.i.RequestLoggingInterceptor -       accept: */*
2026-02-19 23:50:12.724 [http-nio-8080-exec-8] DEBUG c.c.c.i.RequestLoggingInterceptor -       origin: http://localhost:8080
2026-02-19 23:50:12.724 [http-nio-8080-exec-8] DEBUG c.c.c.i.RequestLoggingInterceptor -       sec-fetch-site: same-origin
2026-02-19 23:50:12.724 [http-nio-8080-exec-8] DEBUG c.c.c.i.RequestLoggingInterceptor -       sec-fetch-mode: cors
2026-02-19 23:50:12.724 [http-nio-8080-exec-8] DEBUG c.c.c.i.RequestLoggingInterceptor -       sec-fetch-dest: empty
2026-02-19 23:50:12.724 [http-nio-8080-exec-8] DEBUG c.c.c.i.RequestLoggingInterceptor -       referer: http://localhost:8080/
2026-02-19 23:50:12.724 [http-nio-8080-exec-8] DEBUG c.c.c.i.RequestLoggingInterceptor -       accept-encoding: gzip, deflate, br, zstd
2026-02-19 23:50:12.724 [http-nio-8080-exec-8] DEBUG c.c.c.i.RequestLoggingInterceptor -       accept-language: en,pt-BR;q=0.9,pt;q=0.8
2026-02-19 23:50:12.726 [http-nio-8080-exec-8] INFO  c.c.c.controller.UploadController - 📤 POST /api/files - Upload de arquivo iniciado
2026-02-19 23:50:12.726 [http-nio-8080-exec-8] INFO  c.c.c.controller.UploadController -    - Filename: papel_de_parede.jpg
2026-02-19 23:50:12.726 [http-nio-8080-exec-8] INFO  c.c.c.controller.UploadController -    - Content-Type: image/jpeg
2026-02-19 23:50:12.727 [http-nio-8080-exec-8] INFO  c.c.c.controller.UploadController -    - Size: 164578 bytes
2026-02-19 23:50:12.727 [http-nio-8080-exec-8] DEBUG c.c.c.service.FileStorageService - 📥 Salvando arquivo: papel_de_parede.jpg (164578 bytes)
2026-02-19 23:50:12.728 [http-nio-8080-exec-8] DEBUG c.c.c.service.FileStorageService -    - Caminho destino: /home/usuario/workspace/catequeseapi/uploads/06eda557-75a2-42ba-8110-7934143fdfba_papel_de_parede.jpg
2026-02-19 23:50:12.729 [http-nio-8080-exec-8] INFO  c.c.c.service.FileStorageService - ✅ Arquivo salvo com sucesso: /home/usuario/workspace/catequeseapi/uploads/06eda557-75a2-42ba-8110-7934143fdfba_papel_de_parede.jpg
2026-02-19 23:50:12.729 [http-nio-8080-exec-8] INFO  c.c.c.controller.UploadController - ✅ Arquivo salvo com sucesso
2026-02-19 23:50:12.729 [http-nio-8080-exec-8] INFO  c.c.c.controller.UploadController -    - Caminho absoluto: /home/usuario/workspace/catequeseapi/uploads/06eda557-75a2-42ba-8110-7934143fdfba_papel_de_parede.jpg
2026-02-19 23:50:12.729 [http-nio-8080-exec-8] INFO  c.c.c.controller.UploadController -    - Caminho retornado (relativo): uploads/06eda557-75a2-42ba-8110-7934143fdfba_papel_de_parede.jpg
2026-02-19 23:50:12.731 [http-nio-8080-exec-8] INFO  c.c.c.i.RequestLoggingInterceptor - ✅ RESPONSE CONCLUÍDA
2026-02-19 23:50:12.731 [http-nio-8080-exec-8] INFO  c.c.c.i.RequestLoggingInterceptor -    Status: 200
2026-02-19 23:50:12.731 [http-nio-8080-exec-8] INFO  c.c.c.i.RequestLoggingInterceptor -    Duração: 7ms
2026-02-19 23:50:12.731 [http-nio-8080-exec-8] INFO  c.c.c.i.RequestLoggingInterceptor -    Content-Type: application/json
2026-02-19 23:50:12.731 [http-nio-8080-exec-8] INFO  c.c.c.i.RequestLoggingInterceptor - ━━━━━━━━━━━━━━━━━━━━━━━━━━━━━━━━━━━━━━━━━━━━━━━━━━━━━━━━━━
2026-02-19 23:50:12.734 [http-nio-8080-exec-9] INFO  c.c.c.i.RequestLoggingInterceptor - ━━━━━━━━━━━━━━━━━━━━━━━━━━━━━━━━━━━━━━━━━━━━━━━━━━━━━━━━━━
2026-02-19 23:50:12.735 [http-nio-8080-exec-9] INFO  c.c.c.i.RequestLoggingInterceptor - 🔵 REQUEST INICIADA
2026-02-19 23:50:12.735 [http-nio-8080-exec-9] INFO  c.c.c.i.RequestLoggingInterceptor -    Método: POST
2026-02-19 23:50:12.735 [http-nio-8080-exec-9] INFO  c.c.c.i.RequestLoggingInterceptor -    URL: /api/documentos
2026-02-19 23:50:12.735 [http-nio-8080-exec-9] INFO  c.c.c.i.RequestLoggingInterceptor -    Query String: Nenhuma
2026-02-19 23:50:12.735 [http-nio-8080-exec-9] INFO  c.c.c.i.RequestLoggingInterceptor -    Remote Host: 0:0:0:0:0:0:0:1
2026-02-19 23:50:12.735 [http-nio-8080-exec-9] INFO  c.c.c.i.RequestLoggingInterceptor -    Content-Type: application/json
2026-02-19 23:50:12.735 [http-nio-8080-exec-9] DEBUG c.c.c.i.RequestLoggingInterceptor -    Headers:
2026-02-19 23:50:12.735 [http-nio-8080-exec-9] DEBUG c.c.c.i.RequestLoggingInterceptor -       host: localhost:8080
2026-02-19 23:50:12.735 [http-nio-8080-exec-9] DEBUG c.c.c.i.RequestLoggingInterceptor -       connection: keep-alive
2026-02-19 23:50:12.735 [http-nio-8080-exec-9] DEBUG c.c.c.i.RequestLoggingInterceptor -       content-length: 153
2026-02-19 23:50:12.735 [http-nio-8080-exec-9] DEBUG c.c.c.i.RequestLoggingInterceptor -       sec-ch-ua-platform: "Linux"
2026-02-19 23:50:12.735 [http-nio-8080-exec-9] DEBUG c.c.c.i.RequestLoggingInterceptor -       user-agent: Mozilla/5.0 (X11; Linux x86_64) AppleWebKit/537.36 (KHTML, like Gecko) Chrome/143.0.0.0 Safari/537.36
2026-02-19 23:50:12.735 [http-nio-8080-exec-9] DEBUG c.c.c.i.RequestLoggingInterceptor -       sec-ch-ua: "Google Chrome";v="143", "Chromium";v="143", "Not A(Brand";v="24"
2026-02-19 23:50:12.735 [http-nio-8080-exec-9] DEBUG c.c.c.i.RequestLoggingInterceptor -       content-type: application/json
2026-02-19 23:50:12.735 [http-nio-8080-exec-9] DEBUG c.c.c.i.RequestLoggingInterceptor -       sec-ch-ua-mobile: ?0
2026-02-19 23:50:12.735 [http-nio-8080-exec-9] DEBUG c.c.c.i.RequestLoggingInterceptor -       accept: */*
2026-02-19 23:50:12.735 [http-nio-8080-exec-9] DEBUG c.c.c.i.RequestLoggingInterceptor -       origin: http://localhost:8080
2026-02-19 23:50:12.735 [http-nio-8080-exec-9] DEBUG c.c.c.i.RequestLoggingInterceptor -       sec-fetch-site: same-origin
2026-02-19 23:50:12.735 [http-nio-8080-exec-9] DEBUG c.c.c.i.RequestLoggingInterceptor -       sec-fetch-mode: cors
2026-02-19 23:50:12.735 [http-nio-8080-exec-9] DEBUG c.c.c.i.RequestLoggingInterceptor -       sec-fetch-dest: empty
2026-02-19 23:50:12.735 [http-nio-8080-exec-9] DEBUG c.c.c.i.RequestLoggingInterceptor -       referer: http://localhost:8080/
2026-02-19 23:50:12.735 [http-nio-8080-exec-9] DEBUG c.c.c.i.RequestLoggingInterceptor -       accept-encoding: gzip, deflate, br, zstd
2026-02-19 23:50:12.735 [http-nio-8080-exec-9] DEBUG c.c.c.i.RequestLoggingInterceptor -       accept-language: en,pt-BR;q=0.9,pt;q=0.8
2026-02-19 23:50:12.741 [http-nio-8080-exec-9] INFO  c.c.c.controller.DocumentoController - 📝 POST /api/documentos - Criando novo documento (DTO)
2026-02-19 23:50:12.741 [http-nio-8080-exec-9] INFO  c.c.c.controller.DocumentoController - 📥 DTO recebido: DocumentoDTO(tipoDocumento=ANEXO, caminhoArquivo=uploads/06eda557-75a2-42ba-8110-7934143fdfba_papel_de_parede.jpg, dataEnvio=2026-02-20, catequisandoId=1)
2026-02-19 23:50:16.698 [http-nio-8080-exec-9] INFO  c.c.c.controller.DocumentoController - ✅ Documento criado com ID: 1
2026-02-19 23:50:16.701 [http-nio-8080-exec-9] INFO  c.c.c.i.RequestLoggingInterceptor - ✅ RESPONSE CONCLUÍDA
2026-02-19 23:50:16.701 [http-nio-8080-exec-9] INFO  c.c.c.i.RequestLoggingInterceptor -    Status: 201
2026-02-19 23:50:16.701 [http-nio-8080-exec-9] INFO  c.c.c.i.RequestLoggingInterceptor -    Duração: 3967ms
2026-02-19 23:50:16.701 [http-nio-8080-exec-9] INFO  c.c.c.i.RequestLoggingInterceptor -    Content-Type: application/json
2026-02-19 23:50:16.701 [http-nio-8080-exec-9] INFO  c.c.c.i.RequestLoggingInterceptor - ━━━━━━━━━━━━━━━━━━━━━━━━━━━━━━━━━━━━━━━━━━━━━━━━━━━━━━━━━━
2026-02-19 23:50:16.711 [http-nio-8080-exec-10] INFO  c.c.c.i.RequestLoggingInterceptor - ━━━━━━━━━━━━━━━━━━━━━━━━━━━━━━━━━━━━━━━━━━━━━━━━━━━━━━━━━━
2026-02-19 23:50:16.711 [http-nio-8080-exec-10] INFO  c.c.c.i.RequestLoggingInterceptor - 🔵 REQUEST INICIADA
2026-02-19 23:50:16.711 [http-nio-8080-exec-10] INFO  c.c.c.i.RequestLoggingInterceptor -    Método: POST
2026-02-19 23:50:16.711 [http-nio-8080-exec-10] INFO  c.c.c.i.RequestLoggingInterceptor -    URL: /api/files
2026-02-19 23:50:16.711 [http-nio-8080-exec-10] INFO  c.c.c.i.RequestLoggingInterceptor -    Query String: Nenhuma
2026-02-19 23:50:16.711 [http-nio-8080-exec-10] INFO  c.c.c.i.RequestLoggingInterceptor -    Remote Host: 0:0:0:0:0:0:0:1
2026-02-19 23:50:16.711 [http-nio-8080-exec-10] INFO  c.c.c.i.RequestLoggingInterceptor -    Content-Type: multipart/form-data; boundary=----WebKitFormBoundarykABDNH17tIQ67Nt7
2026-02-19 23:50:16.711 [http-nio-8080-exec-10] DEBUG c.c.c.i.RequestLoggingInterceptor -    Headers:
2026-02-19 23:50:16.711 [http-nio-8080-exec-10] DEBUG c.c.c.i.RequestLoggingInterceptor -       host: localhost:8080
2026-02-19 23:50:16.711 [http-nio-8080-exec-10] DEBUG c.c.c.i.RequestLoggingInterceptor -       connection: keep-alive
2026-02-19 23:50:16.711 [http-nio-8080-exec-10] DEBUG c.c.c.i.RequestLoggingInterceptor -       content-length: 11234
2026-02-19 23:50:16.711 [http-nio-8080-exec-10] DEBUG c.c.c.i.RequestLoggingInterceptor -       sec-ch-ua-platform: "Linux"
2026-02-19 23:50:16.711 [http-nio-8080-exec-10] DEBUG c.c.c.i.RequestLoggingInterceptor -       user-agent: Mozilla/5.0 (X11; Linux x86_64) AppleWebKit/537.36 (KHTML, like Gecko) Chrome/143.0.0.0 Safari/537.36
2026-02-19 23:50:16.711 [http-nio-8080-exec-10] DEBUG c.c.c.i.RequestLoggingInterceptor -       sec-ch-ua: "Google Chrome";v="143", "Chromium";v="143", "Not A(Brand";v="24"
2026-02-19 23:50:16.711 [http-nio-8080-exec-10] DEBUG c.c.c.i.RequestLoggingInterceptor -       content-type: multipart/form-data; boundary=----WebKitFormBoundarykABDNH17tIQ67Nt7
2026-02-19 23:50:16.711 [http-nio-8080-exec-10] DEBUG c.c.c.i.RequestLoggingInterceptor -       sec-ch-ua-mobile: ?0
2026-02-19 23:50:16.711 [http-nio-8080-exec-10] DEBUG c.c.c.i.RequestLoggingInterceptor -       accept: */*
2026-02-19 23:50:16.711 [http-nio-8080-exec-10] DEBUG c.c.c.i.RequestLoggingInterceptor -       origin: http://localhost:8080
2026-02-19 23:50:16.711 [http-nio-8080-exec-10] DEBUG c.c.c.i.RequestLoggingInterceptor -       sec-fetch-site: same-origin
2026-02-19 23:50:16.711 [http-nio-8080-exec-10] DEBUG c.c.c.i.RequestLoggingInterceptor -       sec-fetch-mode: cors
2026-02-19 23:50:16.711 [http-nio-8080-exec-10] DEBUG c.c.c.i.RequestLoggingInterceptor -       sec-fetch-dest: empty
2026-02-19 23:50:16.711 [http-nio-8080-exec-10] DEBUG c.c.c.i.RequestLoggingInterceptor -       referer: http://localhost:8080/
2026-02-19 23:50:16.711 [http-nio-8080-exec-10] DEBUG c.c.c.i.RequestLoggingInterceptor -       accept-encoding: gzip, deflate, br, zstd
2026-02-19 23:50:16.711 [http-nio-8080-exec-10] DEBUG c.c.c.i.RequestLoggingInterceptor -       accept-language: en,pt-BR;q=0.9,pt;q=0.8
2026-02-19 23:50:16.712 [http-nio-8080-exec-10] INFO  c.c.c.controller.UploadController - 📤 POST /api/files - Upload de arquivo iniciado
2026-02-19 23:50:16.712 [http-nio-8080-exec-10] INFO  c.c.c.controller.UploadController -    - Filename: assinatura-1771555816708.png
2026-02-19 23:50:16.712 [http-nio-8080-exec-10] INFO  c.c.c.controller.UploadController -    - Content-Type: image/png
2026-02-19 23:50:16.712 [http-nio-8080-exec-10] INFO  c.c.c.controller.UploadController -    - Size: 11033 bytes
2026-02-19 23:50:16.712 [http-nio-8080-exec-10] DEBUG c.c.c.service.FileStorageService - 📥 Salvando arquivo: assinatura-1771555816708.png (11033 bytes)
2026-02-19 23:50:16.712 [http-nio-8080-exec-10] DEBUG c.c.c.service.FileStorageService -    - Caminho destino: /home/usuario/workspace/catequeseapi/uploads/6d226081-8928-4785-b8f6-5c4a58a41a17_assinatura-1771555816708.png
2026-02-19 23:50:16.712 [http-nio-8080-exec-10] INFO  c.c.c.service.FileStorageService - ✅ Arquivo salvo com sucesso: /home/usuario/workspace/catequeseapi/uploads/6d226081-8928-4785-b8f6-5c4a58a41a17_assinatura-1771555816708.png
2026-02-19 23:50:16.713 [http-nio-8080-exec-10] INFO  c.c.c.controller.UploadController - ✅ Arquivo salvo com sucesso
2026-02-19 23:50:16.713 [http-nio-8080-exec-10] INFO  c.c.c.controller.UploadController -    - Caminho absoluto: /home/usuario/workspace/catequeseapi/uploads/6d226081-8928-4785-b8f6-5c4a58a41a17_assinatura-1771555816708.png
2026-02-19 23:50:16.713 [http-nio-8080-exec-10] INFO  c.c.c.controller.UploadController -    - Caminho retornado (relativo): uploads/6d226081-8928-4785-b8f6-5c4a58a41a17_assinatura-1771555816708.png
2026-02-19 23:50:16.713 [http-nio-8080-exec-10] INFO  c.c.c.i.RequestLoggingInterceptor - ✅ RESPONSE CONCLUÍDA
2026-02-19 23:50:16.713 [http-nio-8080-exec-10] INFO  c.c.c.i.RequestLoggingInterceptor -    Status: 200
2026-02-19 23:50:16.713 [http-nio-8080-exec-10] INFO  c.c.c.i.RequestLoggingInterceptor -    Duração: 2ms
2026-02-19 23:50:16.713 [http-nio-8080-exec-10] INFO  c.c.c.i.RequestLoggingInterceptor -    Content-Type: application/json
2026-02-19 23:50:16.713 [http-nio-8080-exec-10] INFO  c.c.c.i.RequestLoggingInterceptor - ━━━━━━━━━━━━━━━━━━━━━━━━━━━━━━━━━━━━━━━━━━━━━━━━━━━━━━━━━━
2026-02-19 23:50:16.717 [http-nio-8080-exec-1] INFO  c.c.c.i.RequestLoggingInterceptor - ━━━━━━━━━━━━━━━━━━━━━━━━━━━━━━━━━━━━━━━━━━━━━━━━━━━━━━━━━━
2026-02-19 23:50:16.717 [http-nio-8080-exec-1] INFO  c.c.c.i.RequestLoggingInterceptor - 🔵 REQUEST INICIADA
2026-02-19 23:50:16.717 [http-nio-8080-exec-1] INFO  c.c.c.i.RequestLoggingInterceptor -    Método: POST
2026-02-19 23:50:16.717 [http-nio-8080-exec-1] INFO  c.c.c.i.RequestLoggingInterceptor -    URL: /api/documentos
2026-02-19 23:50:16.717 [http-nio-8080-exec-1] INFO  c.c.c.i.RequestLoggingInterceptor -    Query String: Nenhuma
2026-02-19 23:50:16.717 [http-nio-8080-exec-1] INFO  c.c.c.i.RequestLoggingInterceptor -    Remote Host: 0:0:0:0:0:0:0:1
2026-02-19 23:50:16.717 [http-nio-8080-exec-1] INFO  c.c.c.i.RequestLoggingInterceptor -    Content-Type: application/json
2026-02-19 23:50:16.717 [http-nio-8080-exec-1] DEBUG c.c.c.i.RequestLoggingInterceptor -    Headers:
2026-02-19 23:50:16.717 [http-nio-8080-exec-1] DEBUG c.c.c.i.RequestLoggingInterceptor -       host: localhost:8080
2026-02-19 23:50:16.717 [http-nio-8080-exec-1] DEBUG c.c.c.i.RequestLoggingInterceptor -       connection: keep-alive
2026-02-19 23:50:16.717 [http-nio-8080-exec-1] DEBUG c.c.c.i.RequestLoggingInterceptor -       content-length: 167
2026-02-19 23:50:16.717 [http-nio-8080-exec-1] DEBUG c.c.c.i.RequestLoggingInterceptor -       sec-ch-ua-platform: "Linux"
2026-02-19 23:50:16.717 [http-nio-8080-exec-1] DEBUG c.c.c.i.RequestLoggingInterceptor -       user-agent: Mozilla/5.0 (X11; Linux x86_64) AppleWebKit/537.36 (KHTML, like Gecko) Chrome/143.0.0.0 Safari/537.36
2026-02-19 23:50:16.717 [http-nio-8080-exec-1] DEBUG c.c.c.i.RequestLoggingInterceptor -       sec-ch-ua: "Google Chrome";v="143", "Chromium";v="143", "Not A(Brand";v="24"
2026-02-19 23:50:16.717 [http-nio-8080-exec-1] DEBUG c.c.c.i.RequestLoggingInterceptor -       content-type: application/json
2026-02-19 23:50:16.717 [http-nio-8080-exec-1] DEBUG c.c.c.i.RequestLoggingInterceptor -       sec-ch-ua-mobile: ?0
2026-02-19 23:50:16.717 [http-nio-8080-exec-1] DEBUG c.c.c.i.RequestLoggingInterceptor -       accept: */*
2026-02-19 23:50:16.717 [http-nio-8080-exec-1] DEBUG c.c.c.i.RequestLoggingInterceptor -       origin: http://localhost:8080
2026-02-19 23:50:16.717 [http-nio-8080-exec-1] DEBUG c.c.c.i.RequestLoggingInterceptor -       sec-fetch-site: same-origin
2026-02-19 23:50:16.717 [http-nio-8080-exec-1] DEBUG c.c.c.i.RequestLoggingInterceptor -       sec-fetch-mode: cors
2026-02-19 23:50:16.717 [http-nio-8080-exec-1] DEBUG c.c.c.i.RequestLoggingInterceptor -       sec-fetch-dest: empty
2026-02-19 23:50:16.717 [http-nio-8080-exec-1] DEBUG c.c.c.i.RequestLoggingInterceptor -       referer: http://localhost:8080/
2026-02-19 23:50:16.717 [http-nio-8080-exec-1] DEBUG c.c.c.i.RequestLoggingInterceptor -       accept-encoding: gzip, deflate, br, zstd
2026-02-19 23:50:16.717 [http-nio-8080-exec-1] DEBUG c.c.c.i.RequestLoggingInterceptor -       accept-language: en,pt-BR;q=0.9,pt;q=0.8
2026-02-19 23:50:16.718 [http-nio-8080-exec-1] INFO  c.c.c.controller.DocumentoController - 📝 POST /api/documentos - Criando novo documento (DTO)
2026-02-19 23:50:16.718 [http-nio-8080-exec-1] INFO  c.c.c.controller.DocumentoController - 📥 DTO recebido: DocumentoDTO(tipoDocumento=ASSINATURA, caminhoArquivo=uploads/6d226081-8928-4785-b8f6-5c4a58a41a17_assinatura-1771555816708.png, dataEnvio=2026-02-20, catequisandoId=1)
2026-02-19 23:50:20.081 [http-nio-8080-exec-1] INFO  c.c.c.controller.DocumentoController - ✅ Documento criado com ID: 2
2026-02-19 23:50:20.082 [http-nio-8080-exec-1] INFO  c.c.c.i.RequestLoggingInterceptor - ✅ RESPONSE CONCLUÍDA
2026-02-19 23:50:20.083 [http-nio-8080-exec-1] INFO  c.c.c.i.RequestLoggingInterceptor -    Status: 201
2026-02-19 23:50:20.083 [http-nio-8080-exec-1] INFO  c.c.c.i.RequestLoggingInterceptor -    Duração: 3365ms
2026-02-19 23:50:20.083 [http-nio-8080-exec-1] INFO  c.c.c.i.RequestLoggingInterceptor -    Content-Type: application/json
2026-02-19 23:50:20.083 [http-nio-8080-exec-1] INFO  c.c.c.i.RequestLoggingInterceptor - ━━━━━━━━━━━━━━━━━━━━━━━━━━━━━━━━━━━━━━━━━━━━━━━━━━━━━━━━━━
2026-02-19 23:55:34.714 [SpringApplicationShutdownHook] INFO  o.s.b.w.e.tomcat.GracefulShutdown - Commencing graceful shutdown. Waiting for active requests to complete
2026-02-19 23:55:34.716 [tomcat-shutdown] INFO  o.s.b.w.e.tomcat.GracefulShutdown - Graceful shutdown complete
2026-02-19 23:55:34.720 [SpringApplicationShutdownHook] INFO  o.s.o.j.LocalContainerEntityManagerFactoryBean - Closing JPA EntityManagerFactory for persistence unit 'default'
2026-02-19 23:55:34.724 [SpringApplicationShutdownHook] INFO  com.zaxxer.hikari.HikariDataSource - HikariPool-1 - Shutdown initiated...
2026-02-19 23:55:35.267 [SpringApplicationShutdownHook] INFO  com.zaxxer.hikari.HikariDataSource - HikariPool-1 - Shutdown completed.
